ERROR - 2025-03-06 05:09:11 --> mysqli_sql_exception: Table 'toko_api.member' doesn't exist in C:\laragon\www\toko-api\system\Database\MySQLi\Connection.php:327
Stack trace:
#0 C:\laragon\www\toko-api\system\Database\MySQLi\Connection.php(327): mysqli->query('INSERT INTO `me...', 0)
#1 C:\laragon\www\toko-api\system\Database\BaseConnection.php(738): CodeIgniter\Database\MySQLi\Connection->execute('INSERT INTO `me...')
#2 C:\laragon\www\toko-api\system\Database\BaseConnection.php(652): CodeIgniter\Database\BaseConnection->simpleQuery('INSERT INTO `me...')
#3 C:\laragon\www\toko-api\system\Database\BaseBuilder.php(2345): CodeIgniter\Database\BaseConnection->query('INSERT INTO `me...', Array, false)
#4 C:\laragon\www\toko-api\system\Model.php(394): CodeIgniter\Database\BaseBuilder->insert()
#5 C:\laragon\www\toko-api\system\BaseModel.php(839): CodeIgniter\Model->doInsert(Array)
#6 C:\laragon\www\toko-api\system\Model.php(800): CodeIgniter\BaseModel->insert(Array, false)
#7 C:\laragon\www\toko-api\system\BaseModel.php(750): CodeIgniter\Model->insert(Array, false)
#8 C:\laragon\www\toko-api\app\Controllers\RegistrasiController.php(18): CodeIgniter\BaseModel->save(Array)
#9 C:\laragon\www\toko-api\system\CodeIgniter.php(933): App\Controllers\RegistrasiController->registrasi()
#10 C:\laragon\www\toko-api\system\CodeIgniter.php(507): CodeIgniter\CodeIgniter->runController(Object(App\Controllers\RegistrasiController))
#11 C:\laragon\www\toko-api\system\CodeIgniter.php(354): CodeIgniter\CodeIgniter->handleRequest(NULL, Object(Config\Cache), false)
#12 C:\laragon\www\toko-api\system\Boot.php(334): CodeIgniter\CodeIgniter->run()
#13 C:\laragon\www\toko-api\system\Boot.php(67): CodeIgniter\Boot::runCodeIgniter(Object(CodeIgniter\CodeIgniter))
#14 C:\laragon\www\toko-api\public\index.php(56): CodeIgniter\Boot::bootWeb(Object(Config\Paths))
#15 C:\laragon\www\toko-api\system\rewrite.php(44): require_once('C:\\laragon\\www\\...')
#16 {main}
ERROR - 2025-03-06 05:18:41 --> mysqli_sql_exception: Table 'toko_api.member' doesn't exist in C:\laragon\www\toko-api\system\Database\MySQLi\Connection.php:327
Stack trace:
#0 C:\laragon\www\toko-api\system\Database\MySQLi\Connection.php(327): mysqli->query('SELECT *\nFROM `...', 0)
#1 C:\laragon\www\toko-api\system\Database\BaseConnection.php(738): CodeIgniter\Database\MySQLi\Connection->execute('SELECT *\nFROM `...')
#2 C:\laragon\www\toko-api\system\Database\BaseConnection.php(652): CodeIgniter\Database\BaseConnection->simpleQuery('SELECT *\nFROM `...')
#3 C:\laragon\www\toko-api\system\Database\BaseBuilder.php(1649): CodeIgniter\Database\BaseConnection->query('SELECT *\nFROM `...', Array, false)
#4 C:\laragon\www\toko-api\system\Model.php(330): CodeIgniter\Database\BaseBuilder->get()
#5 C:\laragon\www\toko-api\system\BaseModel.php(713): CodeIgniter\Model->doFirst()
#6 C:\laragon\www\toko-api\app\Controllers\LoginController.php(16): CodeIgniter\BaseModel->first()
#7 C:\laragon\www\toko-api\system\CodeIgniter.php(933): App\Controllers\LoginController->login()
#8 C:\laragon\www\toko-api\system\CodeIgniter.php(507): CodeIgniter\CodeIgniter->runController(Object(App\Controllers\LoginController))
#9 C:\laragon\www\toko-api\system\CodeIgniter.php(354): CodeIgniter\CodeIgniter->handleRequest(NULL, Object(Config\Cache), false)
#10 C:\laragon\www\toko-api\system\Boot.php(334): CodeIgniter\CodeIgniter->run()
#11 C:\laragon\www\toko-api\system\Boot.php(67): CodeIgniter\Boot::runCodeIgniter(Object(CodeIgniter\CodeIgniter))
#12 C:\laragon\www\toko-api\public\index.php(56): CodeIgniter\Boot::bootWeb(Object(Config\Paths))
#13 C:\laragon\www\toko-api\system\rewrite.php(44): require_once('C:\\laragon\\www\\...')
#14 {main}
CRITICAL - 2025-03-06 05:18:41 --> Error: Call to a member function getFirstRow() on bool
[Method: POST, Route: login]
in SYSTEMPATH\Model.php on line 330.
 1 SYSTEMPATH\BaseModel.php(713): CodeIgniter\Model->doFirst()
 2 APPPATH\Controllers\LoginController.php(16): CodeIgniter\BaseModel->first()
 3 SYSTEMPATH\CodeIgniter.php(933): App\Controllers\LoginController->login()
 4 SYSTEMPATH\CodeIgniter.php(507): CodeIgniter\CodeIgniter->runController(Object(App\Controllers\LoginController))
 5 SYSTEMPATH\CodeIgniter.php(354): CodeIgniter\CodeIgniter->handleRequest(null, Object(Config\Cache), false)
 6 SYSTEMPATH\Boot.php(334): CodeIgniter\CodeIgniter->run()
 7 SYSTEMPATH\Boot.php(67): CodeIgniter\Boot::runCodeIgniter(Object(CodeIgniter\CodeIgniter))
 8 FCPATH\index.php(56): CodeIgniter\Boot::bootWeb(Object(Config\Paths))
 9 SYSTEMPATH\rewrite.php(44): require_once('C:\\laragon\\www\\toko-api\\public\\index.php')
ERROR - 2025-03-06 05:20:24 --> mysqli_sql_exception: Table 'toko_api.member' doesn't exist in C:\laragon\www\toko-api\system\Database\MySQLi\Connection.php:327
Stack trace:
#0 C:\laragon\www\toko-api\system\Database\MySQLi\Connection.php(327): mysqli->query('INSERT INTO `me...', 0)
#1 C:\laragon\www\toko-api\system\Database\BaseConnection.php(738): CodeIgniter\Database\MySQLi\Connection->execute('INSERT INTO `me...')
#2 C:\laragon\www\toko-api\system\Database\BaseConnection.php(652): CodeIgniter\Database\BaseConnection->simpleQuery('INSERT INTO `me...')
#3 C:\laragon\www\toko-api\system\Database\BaseBuilder.php(2345): CodeIgniter\Database\BaseConnection->query('INSERT INTO `me...', Array, false)
#4 C:\laragon\www\toko-api\system\Model.php(394): CodeIgniter\Database\BaseBuilder->insert()
#5 C:\laragon\www\toko-api\system\BaseModel.php(839): CodeIgniter\Model->doInsert(Array)
#6 C:\laragon\www\toko-api\system\Model.php(800): CodeIgniter\BaseModel->insert(Array, false)
#7 C:\laragon\www\toko-api\system\BaseModel.php(750): CodeIgniter\Model->insert(Array, false)
#8 C:\laragon\www\toko-api\app\Controllers\RegistrasiController.php(18): CodeIgniter\BaseModel->save(Array)
#9 C:\laragon\www\toko-api\system\CodeIgniter.php(933): App\Controllers\RegistrasiController->registrasi()
#10 C:\laragon\www\toko-api\system\CodeIgniter.php(507): CodeIgniter\CodeIgniter->runController(Object(App\Controllers\RegistrasiController))
#11 C:\laragon\www\toko-api\system\CodeIgniter.php(354): CodeIgniter\CodeIgniter->handleRequest(NULL, Object(Config\Cache), false)
#12 C:\laragon\www\toko-api\system\Boot.php(334): CodeIgniter\CodeIgniter->run()
#13 C:\laragon\www\toko-api\system\Boot.php(67): CodeIgniter\Boot::runCodeIgniter(Object(CodeIgniter\CodeIgniter))
#14 C:\laragon\www\toko-api\public\index.php(56): CodeIgniter\Boot::bootWeb(Object(Config\Paths))
#15 C:\laragon\www\toko-api\system\rewrite.php(44): require_once('C:\\laragon\\www\\...')
#16 {main}
ERROR - 2025-03-06 05:28:10 --> mysqli_sql_exception: Table 'toko_api.member' doesn't exist in C:\laragon\www\toko-api\system\Database\MySQLi\Connection.php:327
Stack trace:
#0 C:\laragon\www\toko-api\system\Database\MySQLi\Connection.php(327): mysqli->query('SELECT *\nFROM `...', 0)
#1 C:\laragon\www\toko-api\system\Database\BaseConnection.php(738): CodeIgniter\Database\MySQLi\Connection->execute('SELECT *\nFROM `...')
#2 C:\laragon\www\toko-api\system\Database\BaseConnection.php(652): CodeIgniter\Database\BaseConnection->simpleQuery('SELECT *\nFROM `...')
#3 C:\laragon\www\toko-api\system\Database\BaseBuilder.php(1649): CodeIgniter\Database\BaseConnection->query('SELECT *\nFROM `...', Array, false)
#4 C:\laragon\www\toko-api\system\Model.php(330): CodeIgniter\Database\BaseBuilder->get()
#5 C:\laragon\www\toko-api\system\BaseModel.php(713): CodeIgniter\Model->doFirst()
#6 C:\laragon\www\toko-api\app\Controllers\LoginController.php(16): CodeIgniter\BaseModel->first()
#7 C:\laragon\www\toko-api\system\CodeIgniter.php(933): App\Controllers\LoginController->login()
#8 C:\laragon\www\toko-api\system\CodeIgniter.php(507): CodeIgniter\CodeIgniter->runController(Object(App\Controllers\LoginController))
#9 C:\laragon\www\toko-api\system\CodeIgniter.php(354): CodeIgniter\CodeIgniter->handleRequest(NULL, Object(Config\Cache), false)
#10 C:\laragon\www\toko-api\system\Boot.php(334): CodeIgniter\CodeIgniter->run()
#11 C:\laragon\www\toko-api\system\Boot.php(67): CodeIgniter\Boot::runCodeIgniter(Object(CodeIgniter\CodeIgniter))
#12 C:\laragon\www\toko-api\public\index.php(56): CodeIgniter\Boot::bootWeb(Object(Config\Paths))
#13 C:\laragon\www\toko-api\system\rewrite.php(44): require_once('C:\\laragon\\www\\...')
#14 {main}
CRITICAL - 2025-03-06 05:28:10 --> Error: Call to a member function getFirstRow() on bool
[Method: POST, Route: login]
in SYSTEMPATH\Model.php on line 330.
 1 SYSTEMPATH\BaseModel.php(713): CodeIgniter\Model->doFirst()
 2 APPPATH\Controllers\LoginController.php(16): CodeIgniter\BaseModel->first()
 3 SYSTEMPATH\CodeIgniter.php(933): App\Controllers\LoginController->login()
 4 SYSTEMPATH\CodeIgniter.php(507): CodeIgniter\CodeIgniter->runController(Object(App\Controllers\LoginController))
 5 SYSTEMPATH\CodeIgniter.php(354): CodeIgniter\CodeIgniter->handleRequest(null, Object(Config\Cache), false)
 6 SYSTEMPATH\Boot.php(334): CodeIgniter\CodeIgniter->run()
 7 SYSTEMPATH\Boot.php(67): CodeIgniter\Boot::runCodeIgniter(Object(CodeIgniter\CodeIgniter))
 8 FCPATH\index.php(56): CodeIgniter\Boot::bootWeb(Object(Config\Paths))
 9 SYSTEMPATH\rewrite.php(44): require_once('C:\\laragon\\www\\toko-api\\public\\index.php')
ERROR - 2025-03-06 05:36:04 --> mysqli_sql_exception: Table 'toko_api.produk' doesn't exist in C:\laragon\www\toko-api\system\Database\MySQLi\Connection.php:327
Stack trace:
#0 C:\laragon\www\toko-api\system\Database\MySQLi\Connection.php(327): mysqli->query('INSERT INTO `pr...', 0)
#1 C:\laragon\www\toko-api\system\Database\BaseConnection.php(738): CodeIgniter\Database\MySQLi\Connection->execute('INSERT INTO `pr...')
#2 C:\laragon\www\toko-api\system\Database\BaseConnection.php(652): CodeIgniter\Database\BaseConnection->simpleQuery('INSERT INTO `pr...')
#3 C:\laragon\www\toko-api\system\Database\BaseBuilder.php(2345): CodeIgniter\Database\BaseConnection->query('INSERT INTO `pr...', Array, false)
#4 C:\laragon\www\toko-api\system\Model.php(394): CodeIgniter\Database\BaseBuilder->insert()
#5 C:\laragon\www\toko-api\system\BaseModel.php(839): CodeIgniter\Model->doInsert(Array)
#6 C:\laragon\www\toko-api\system\Model.php(800): CodeIgniter\BaseModel->insert(Array, true)
#7 C:\laragon\www\toko-api\app\Controllers\ProdukController.php(18): CodeIgniter\Model->insert(Array)
#8 C:\laragon\www\toko-api\system\CodeIgniter.php(933): App\Controllers\ProdukController->create()
#9 C:\laragon\www\toko-api\system\CodeIgniter.php(507): CodeIgniter\CodeIgniter->runController(Object(App\Controllers\ProdukController))
#10 C:\laragon\www\toko-api\system\CodeIgniter.php(354): CodeIgniter\CodeIgniter->handleRequest(NULL, Object(Config\Cache), false)
#11 C:\laragon\www\toko-api\system\Boot.php(334): CodeIgniter\CodeIgniter->run()
#12 C:\laragon\www\toko-api\system\Boot.php(67): CodeIgniter\Boot::runCodeIgniter(Object(CodeIgniter\CodeIgniter))
#13 C:\laragon\www\toko-api\public\index.php(56): CodeIgniter\Boot::bootWeb(Object(Config\Paths))
#14 C:\laragon\www\toko-api\system\rewrite.php(44): require_once('C:\\laragon\\www\\...')
#15 {main}
ERROR - 2025-03-06 05:36:04 --> mysqli_sql_exception: Table 'toko_api.produk' doesn't exist in C:\laragon\www\toko-api\system\Database\MySQLi\Connection.php:327
Stack trace:
#0 C:\laragon\www\toko-api\system\Database\MySQLi\Connection.php(327): mysqli->query('SELECT *\nFROM `...', 0)
#1 C:\laragon\www\toko-api\system\Database\BaseConnection.php(738): CodeIgniter\Database\MySQLi\Connection->execute('SELECT *\nFROM `...')
#2 C:\laragon\www\toko-api\system\Database\BaseConnection.php(652): CodeIgniter\Database\BaseConnection->simpleQuery('SELECT *\nFROM `...')
#3 C:\laragon\www\toko-api\system\Database\BaseBuilder.php(1649): CodeIgniter\Database\BaseConnection->query('SELECT *\nFROM `...', Array, false)
#4 C:\laragon\www\toko-api\system\Model.php(210): CodeIgniter\Database\BaseBuilder->get()
#5 C:\laragon\www\toko-api\system\BaseModel.php(609): CodeIgniter\Model->doFind(true, 0)
#6 C:\laragon\www\toko-api\app\Controllers\ProdukController.php(19): CodeIgniter\BaseModel->find(0)
#7 C:\laragon\www\toko-api\system\CodeIgniter.php(933): App\Controllers\ProdukController->create()
#8 C:\laragon\www\toko-api\system\CodeIgniter.php(507): CodeIgniter\CodeIgniter->runController(Object(App\Controllers\ProdukController))
#9 C:\laragon\www\toko-api\system\CodeIgniter.php(354): CodeIgniter\CodeIgniter->handleRequest(NULL, Object(Config\Cache), false)
#10 C:\laragon\www\toko-api\system\Boot.php(334): CodeIgniter\CodeIgniter->run()
#11 C:\laragon\www\toko-api\system\Boot.php(67): CodeIgniter\Boot::runCodeIgniter(Object(CodeIgniter\CodeIgniter))
#12 C:\laragon\www\toko-api\public\index.php(56): CodeIgniter\Boot::bootWeb(Object(Config\Paths))
#13 C:\laragon\www\toko-api\system\rewrite.php(44): require_once('C:\\laragon\\www\\...')
#14 {main}
CRITICAL - 2025-03-06 05:36:04 --> Error: Call to a member function getFirstRow() on bool
[Method: POST, Route: produk]
in SYSTEMPATH\Model.php on line 211.
 1 SYSTEMPATH\BaseModel.php(609): CodeIgniter\Model->doFind(true, 0)
 2 APPPATH\Controllers\ProdukController.php(19): CodeIgniter\BaseModel->find(0)
 3 SYSTEMPATH\CodeIgniter.php(933): App\Controllers\ProdukController->create()
 4 SYSTEMPATH\CodeIgniter.php(507): CodeIgniter\CodeIgniter->runController(Object(App\Controllers\ProdukController))
 5 SYSTEMPATH\CodeIgniter.php(354): CodeIgniter\CodeIgniter->handleRequest(null, Object(Config\Cache), false)
 6 SYSTEMPATH\Boot.php(334): CodeIgniter\CodeIgniter->run()
 7 SYSTEMPATH\Boot.php(67): CodeIgniter\Boot::runCodeIgniter(Object(CodeIgniter\CodeIgniter))
 8 FCPATH\index.php(56): CodeIgniter\Boot::bootWeb(Object(Config\Paths))
 9 SYSTEMPATH\rewrite.php(44): require_once('C:\\laragon\\www\\toko-api\\public\\index.php')
ERROR - 2025-03-06 05:36:17 --> mysqli_sql_exception: Table 'toko_api.produk' doesn't exist in C:\laragon\www\toko-api\system\Database\MySQLi\Connection.php:327
Stack trace:
#0 C:\laragon\www\toko-api\system\Database\MySQLi\Connection.php(327): mysqli->query('SELECT *\nFROM `...', 0)
#1 C:\laragon\www\toko-api\system\Database\BaseConnection.php(738): CodeIgniter\Database\MySQLi\Connection->execute('SELECT *\nFROM `...')
#2 C:\laragon\www\toko-api\system\Database\BaseConnection.php(652): CodeIgniter\Database\BaseConnection->simpleQuery('SELECT *\nFROM `...')
#3 C:\laragon\www\toko-api\system\Database\BaseBuilder.php(1649): CodeIgniter\Database\BaseConnection->query('SELECT *\nFROM `...', Array, false)
#4 C:\laragon\www\toko-api\system\Model.php(286): CodeIgniter\Database\BaseBuilder->get()
#5 C:\laragon\www\toko-api\system\BaseModel.php(675): CodeIgniter\Model->doFindAll(0, 0)
#6 C:\laragon\www\toko-api\app\Controllers\ProdukController.php(27): CodeIgniter\BaseModel->findAll()
#7 C:\laragon\www\toko-api\system\CodeIgniter.php(933): App\Controllers\ProdukController->list()
#8 C:\laragon\www\toko-api\system\CodeIgniter.php(507): CodeIgniter\CodeIgniter->runController(Object(App\Controllers\ProdukController))
#9 C:\laragon\www\toko-api\system\CodeIgniter.php(354): CodeIgniter\CodeIgniter->handleRequest(NULL, Object(Config\Cache), false)
#10 C:\laragon\www\toko-api\system\Boot.php(334): CodeIgniter\CodeIgniter->run()
#11 C:\laragon\www\toko-api\system\Boot.php(67): CodeIgniter\Boot::runCodeIgniter(Object(CodeIgniter\CodeIgniter))
#12 C:\laragon\www\toko-api\public\index.php(56): CodeIgniter\Boot::bootWeb(Object(Config\Paths))
#13 C:\laragon\www\toko-api\system\rewrite.php(44): require_once('C:\\laragon\\www\\...')
#14 {main}
CRITICAL - 2025-03-06 05:36:17 --> Error: Call to a member function getResult() on bool
[Method: GET, Route: produk]
in SYSTEMPATH\Model.php on line 287.
 1 SYSTEMPATH\BaseModel.php(675): CodeIgniter\Model->doFindAll(0, 0)
 2 APPPATH\Controllers\ProdukController.php(27): CodeIgniter\BaseModel->findAll()
 3 SYSTEMPATH\CodeIgniter.php(933): App\Controllers\ProdukController->list()
 4 SYSTEMPATH\CodeIgniter.php(507): CodeIgniter\CodeIgniter->runController(Object(App\Controllers\ProdukController))
 5 SYSTEMPATH\CodeIgniter.php(354): CodeIgniter\CodeIgniter->handleRequest(null, Object(Config\Cache), false)
 6 SYSTEMPATH\Boot.php(334): CodeIgniter\CodeIgniter->run()
 7 SYSTEMPATH\Boot.php(67): CodeIgniter\Boot::runCodeIgniter(Object(CodeIgniter\CodeIgniter))
 8 FCPATH\index.php(56): CodeIgniter\Boot::bootWeb(Object(Config\Paths))
 9 SYSTEMPATH\rewrite.php(44): require_once('C:\\laragon\\www\\toko-api\\public\\index.php')
ERROR - 2025-03-06 05:38:37 --> mysqli_sql_exception: Table 'toko_api.produk' doesn't exist in C:\laragon\www\toko-api\system\Database\MySQLi\Connection.php:327
Stack trace:
#0 C:\laragon\www\toko-api\system\Database\MySQLi\Connection.php(327): mysqli->query('SELECT *\nFROM `...', 0)
#1 C:\laragon\www\toko-api\system\Database\BaseConnection.php(738): CodeIgniter\Database\MySQLi\Connection->execute('SELECT *\nFROM `...')
#2 C:\laragon\www\toko-api\system\Database\BaseConnection.php(652): CodeIgniter\Database\BaseConnection->simpleQuery('SELECT *\nFROM `...')
#3 C:\laragon\www\toko-api\system\Database\BaseBuilder.php(1649): CodeIgniter\Database\BaseConnection->query('SELECT *\nFROM `...', Array, false)
#4 C:\laragon\www\toko-api\system\Model.php(286): CodeIgniter\Database\BaseBuilder->get()
#5 C:\laragon\www\toko-api\system\BaseModel.php(675): CodeIgniter\Model->doFindAll(0, 0)
#6 C:\laragon\www\toko-api\app\Controllers\ProdukController.php(27): CodeIgniter\BaseModel->findAll()
#7 C:\laragon\www\toko-api\system\CodeIgniter.php(933): App\Controllers\ProdukController->list()
#8 C:\laragon\www\toko-api\system\CodeIgniter.php(507): CodeIgniter\CodeIgniter->runController(Object(App\Controllers\ProdukController))
#9 C:\laragon\www\toko-api\system\CodeIgniter.php(354): CodeIgniter\CodeIgniter->handleRequest(NULL, Object(Config\Cache), false)
#10 C:\laragon\www\toko-api\system\Boot.php(334): CodeIgniter\CodeIgniter->run()
#11 C:\laragon\www\toko-api\system\Boot.php(67): CodeIgniter\Boot::runCodeIgniter(Object(CodeIgniter\CodeIgniter))
#12 C:\laragon\www\toko-api\public\index.php(56): CodeIgniter\Boot::bootWeb(Object(Config\Paths))
#13 C:\laragon\www\toko-api\system\rewrite.php(44): require_once('C:\\laragon\\www\\...')
#14 {main}
CRITICAL - 2025-03-06 05:38:37 --> Error: Call to a member function getResult() on bool
[Method: GET, Route: produk]
in SYSTEMPATH\Model.php on line 287.
 1 SYSTEMPATH\BaseModel.php(675): CodeIgniter\Model->doFindAll(0, 0)
 2 APPPATH\Controllers\ProdukController.php(27): CodeIgniter\BaseModel->findAll()
 3 SYSTEMPATH\CodeIgniter.php(933): App\Controllers\ProdukController->list()
 4 SYSTEMPATH\CodeIgniter.php(507): CodeIgniter\CodeIgniter->runController(Object(App\Controllers\ProdukController))
 5 SYSTEMPATH\CodeIgniter.php(354): CodeIgniter\CodeIgniter->handleRequest(null, Object(Config\Cache), false)
 6 SYSTEMPATH\Boot.php(334): CodeIgniter\CodeIgniter->run()
 7 SYSTEMPATH\Boot.php(67): CodeIgniter\Boot::runCodeIgniter(Object(CodeIgniter\CodeIgniter))
 8 FCPATH\index.php(56): CodeIgniter\Boot::bootWeb(Object(Config\Paths))
 9 SYSTEMPATH\rewrite.php(44): require_once('C:\\laragon\\www\\toko-api\\public\\index.php')
ERROR - 2025-03-06 05:38:46 --> mysqli_sql_exception: Table 'toko_api.member' doesn't exist in C:\laragon\www\toko-api\system\Database\MySQLi\Connection.php:327
Stack trace:
#0 C:\laragon\www\toko-api\system\Database\MySQLi\Connection.php(327): mysqli->query('SELECT *\nFROM `...', 0)
#1 C:\laragon\www\toko-api\system\Database\BaseConnection.php(738): CodeIgniter\Database\MySQLi\Connection->execute('SELECT *\nFROM `...')
#2 C:\laragon\www\toko-api\system\Database\BaseConnection.php(652): CodeIgniter\Database\BaseConnection->simpleQuery('SELECT *\nFROM `...')
#3 C:\laragon\www\toko-api\system\Database\BaseBuilder.php(1649): CodeIgniter\Database\BaseConnection->query('SELECT *\nFROM `...', Array, false)
#4 C:\laragon\www\toko-api\system\Model.php(330): CodeIgniter\Database\BaseBuilder->get()
#5 C:\laragon\www\toko-api\system\BaseModel.php(713): CodeIgniter\Model->doFirst()
#6 C:\laragon\www\toko-api\app\Controllers\LoginController.php(16): CodeIgniter\BaseModel->first()
#7 C:\laragon\www\toko-api\system\CodeIgniter.php(933): App\Controllers\LoginController->login()
#8 C:\laragon\www\toko-api\system\CodeIgniter.php(507): CodeIgniter\CodeIgniter->runController(Object(App\Controllers\LoginController))
#9 C:\laragon\www\toko-api\system\CodeIgniter.php(354): CodeIgniter\CodeIgniter->handleRequest(NULL, Object(Config\Cache), false)
#10 C:\laragon\www\toko-api\system\Boot.php(334): CodeIgniter\CodeIgniter->run()
#11 C:\laragon\www\toko-api\system\Boot.php(67): CodeIgniter\Boot::runCodeIgniter(Object(CodeIgniter\CodeIgniter))
#12 C:\laragon\www\toko-api\public\index.php(56): CodeIgniter\Boot::bootWeb(Object(Config\Paths))
#13 C:\laragon\www\toko-api\system\rewrite.php(44): require_once('C:\\laragon\\www\\...')
#14 {main}
CRITICAL - 2025-03-06 05:38:46 --> Error: Call to a member function getFirstRow() on bool
[Method: POST, Route: login]
in SYSTEMPATH\Model.php on line 330.
 1 SYSTEMPATH\BaseModel.php(713): CodeIgniter\Model->doFirst()
 2 APPPATH\Controllers\LoginController.php(16): CodeIgniter\BaseModel->first()
 3 SYSTEMPATH\CodeIgniter.php(933): App\Controllers\LoginController->login()
 4 SYSTEMPATH\CodeIgniter.php(507): CodeIgniter\CodeIgniter->runController(Object(App\Controllers\LoginController))
 5 SYSTEMPATH\CodeIgniter.php(354): CodeIgniter\CodeIgniter->handleRequest(null, Object(Config\Cache), false)
 6 SYSTEMPATH\Boot.php(334): CodeIgniter\CodeIgniter->run()
 7 SYSTEMPATH\Boot.php(67): CodeIgniter\Boot::runCodeIgniter(Object(CodeIgniter\CodeIgniter))
 8 FCPATH\index.php(56): CodeIgniter\Boot::bootWeb(Object(Config\Paths))
 9 SYSTEMPATH\rewrite.php(44): require_once('C:\\laragon\\www\\toko-api\\public\\index.php')
ERROR - 2025-03-06 05:43:31 --> mysqli_sql_exception: Table 'toko_api.member' doesn't exist in C:\laragon\www\toko-api\system\Database\MySQLi\Connection.php:327
Stack trace:
#0 C:\laragon\www\toko-api\system\Database\MySQLi\Connection.php(327): mysqli->query('SELECT *\nFROM `...', 0)
#1 C:\laragon\www\toko-api\system\Database\BaseConnection.php(738): CodeIgniter\Database\MySQLi\Connection->execute('SELECT *\nFROM `...')
#2 C:\laragon\www\toko-api\system\Database\BaseConnection.php(652): CodeIgniter\Database\BaseConnection->simpleQuery('SELECT *\nFROM `...')
#3 C:\laragon\www\toko-api\system\Database\BaseBuilder.php(1649): CodeIgniter\Database\BaseConnection->query('SELECT *\nFROM `...', Array, false)
#4 C:\laragon\www\toko-api\system\Model.php(330): CodeIgniter\Database\BaseBuilder->get()
#5 C:\laragon\www\toko-api\system\BaseModel.php(713): CodeIgniter\Model->doFirst()
#6 C:\laragon\www\toko-api\app\Controllers\LoginController.php(16): CodeIgniter\BaseModel->first()
#7 C:\laragon\www\toko-api\system\CodeIgniter.php(933): App\Controllers\LoginController->login()
#8 C:\laragon\www\toko-api\system\CodeIgniter.php(507): CodeIgniter\CodeIgniter->runController(Object(App\Controllers\LoginController))
#9 C:\laragon\www\toko-api\system\CodeIgniter.php(354): CodeIgniter\CodeIgniter->handleRequest(NULL, Object(Config\Cache), false)
#10 C:\laragon\www\toko-api\system\Boot.php(334): CodeIgniter\CodeIgniter->run()
#11 C:\laragon\www\toko-api\system\Boot.php(67): CodeIgniter\Boot::runCodeIgniter(Object(CodeIgniter\CodeIgniter))
#12 C:\laragon\www\toko-api\public\index.php(56): CodeIgniter\Boot::bootWeb(Object(Config\Paths))
#13 C:\laragon\www\toko-api\system\rewrite.php(44): require_once('C:\\laragon\\www\\...')
#14 {main}
CRITICAL - 2025-03-06 05:43:31 --> Error: Call to a member function getFirstRow() on bool
[Method: POST, Route: login]
in SYSTEMPATH\Model.php on line 330.
 1 SYSTEMPATH\BaseModel.php(713): CodeIgniter\Model->doFirst()
 2 APPPATH\Controllers\LoginController.php(16): CodeIgniter\BaseModel->first()
 3 SYSTEMPATH\CodeIgniter.php(933): App\Controllers\LoginController->login()
 4 SYSTEMPATH\CodeIgniter.php(507): CodeIgniter\CodeIgniter->runController(Object(App\Controllers\LoginController))
 5 SYSTEMPATH\CodeIgniter.php(354): CodeIgniter\CodeIgniter->handleRequest(null, Object(Config\Cache), false)
 6 SYSTEMPATH\Boot.php(334): CodeIgniter\CodeIgniter->run()
 7 SYSTEMPATH\Boot.php(67): CodeIgniter\Boot::runCodeIgniter(Object(CodeIgniter\CodeIgniter))
 8 FCPATH\index.php(56): CodeIgniter\Boot::bootWeb(Object(Config\Paths))
 9 SYSTEMPATH\rewrite.php(44): require_once('C:\\laragon\\www\\toko-api\\public\\index.php')
ERROR - 2025-03-06 05:47:31 --> mysqli_sql_exception: Table 'toko_api.member' doesn't exist in C:\laragon\www\toko-api\system\Database\MySQLi\Connection.php:327
Stack trace:
#0 C:\laragon\www\toko-api\system\Database\MySQLi\Connection.php(327): mysqli->query('SELECT *\nFROM `...', 0)
#1 C:\laragon\www\toko-api\system\Database\BaseConnection.php(738): CodeIgniter\Database\MySQLi\Connection->execute('SELECT *\nFROM `...')
#2 C:\laragon\www\toko-api\system\Database\BaseConnection.php(652): CodeIgniter\Database\BaseConnection->simpleQuery('SELECT *\nFROM `...')
#3 C:\laragon\www\toko-api\system\Database\BaseBuilder.php(1649): CodeIgniter\Database\BaseConnection->query('SELECT *\nFROM `...', Array, false)
#4 C:\laragon\www\toko-api\system\Model.php(330): CodeIgniter\Database\BaseBuilder->get()
#5 C:\laragon\www\toko-api\system\BaseModel.php(713): CodeIgniter\Model->doFirst()
#6 C:\laragon\www\toko-api\app\Controllers\LoginController.php(16): CodeIgniter\BaseModel->first()
#7 C:\laragon\www\toko-api\system\CodeIgniter.php(933): App\Controllers\LoginController->login()
#8 C:\laragon\www\toko-api\system\CodeIgniter.php(507): CodeIgniter\CodeIgniter->runController(Object(App\Controllers\LoginController))
#9 C:\laragon\www\toko-api\system\CodeIgniter.php(354): CodeIgniter\CodeIgniter->handleRequest(NULL, Object(Config\Cache), false)
#10 C:\laragon\www\toko-api\system\Boot.php(334): CodeIgniter\CodeIgniter->run()
#11 C:\laragon\www\toko-api\system\Boot.php(67): CodeIgniter\Boot::runCodeIgniter(Object(CodeIgniter\CodeIgniter))
#12 C:\laragon\www\toko-api\public\index.php(56): CodeIgniter\Boot::bootWeb(Object(Config\Paths))
#13 C:\laragon\www\toko-api\system\rewrite.php(44): require_once('C:\\laragon\\www\\...')
#14 {main}
CRITICAL - 2025-03-06 05:47:31 --> Error: Call to a member function getFirstRow() on bool
[Method: POST, Route: login]
in SYSTEMPATH\Model.php on line 330.
 1 SYSTEMPATH\BaseModel.php(713): CodeIgniter\Model->doFirst()
 2 APPPATH\Controllers\LoginController.php(16): CodeIgniter\BaseModel->first()
 3 SYSTEMPATH\CodeIgniter.php(933): App\Controllers\LoginController->login()
 4 SYSTEMPATH\CodeIgniter.php(507): CodeIgniter\CodeIgniter->runController(Object(App\Controllers\LoginController))
 5 SYSTEMPATH\CodeIgniter.php(354): CodeIgniter\CodeIgniter->handleRequest(null, Object(Config\Cache), false)
 6 SYSTEMPATH\Boot.php(334): CodeIgniter\CodeIgniter->run()
 7 SYSTEMPATH\Boot.php(67): CodeIgniter\Boot::runCodeIgniter(Object(CodeIgniter\CodeIgniter))
 8 FCPATH\index.php(56): CodeIgniter\Boot::bootWeb(Object(Config\Paths))
 9 SYSTEMPATH\rewrite.php(44): require_once('C:\\laragon\\www\\toko-api\\public\\index.php')
ERROR - 2025-03-06 05:49:31 --> mysqli_sql_exception: Table 'toko_api.member' doesn't exist in C:\laragon\www\toko-api\system\Database\MySQLi\Connection.php:327
Stack trace:
#0 C:\laragon\www\toko-api\system\Database\MySQLi\Connection.php(327): mysqli->query('INSERT INTO `me...', 0)
#1 C:\laragon\www\toko-api\system\Database\BaseConnection.php(738): CodeIgniter\Database\MySQLi\Connection->execute('INSERT INTO `me...')
#2 C:\laragon\www\toko-api\system\Database\BaseConnection.php(652): CodeIgniter\Database\BaseConnection->simpleQuery('INSERT INTO `me...')
#3 C:\laragon\www\toko-api\system\Database\BaseBuilder.php(2345): CodeIgniter\Database\BaseConnection->query('INSERT INTO `me...', Array, false)
#4 C:\laragon\www\toko-api\system\Model.php(394): CodeIgniter\Database\BaseBuilder->insert()
#5 C:\laragon\www\toko-api\system\BaseModel.php(839): CodeIgniter\Model->doInsert(Array)
#6 C:\laragon\www\toko-api\system\Model.php(800): CodeIgniter\BaseModel->insert(Array, false)
#7 C:\laragon\www\toko-api\system\BaseModel.php(750): CodeIgniter\Model->insert(Array, false)
#8 C:\laragon\www\toko-api\app\Controllers\RegistrasiController.php(18): CodeIgniter\BaseModel->save(Array)
#9 C:\laragon\www\toko-api\system\CodeIgniter.php(933): App\Controllers\RegistrasiController->registrasi()
#10 C:\laragon\www\toko-api\system\CodeIgniter.php(507): CodeIgniter\CodeIgniter->runController(Object(App\Controllers\RegistrasiController))
#11 C:\laragon\www\toko-api\system\CodeIgniter.php(354): CodeIgniter\CodeIgniter->handleRequest(NULL, Object(Config\Cache), false)
#12 C:\laragon\www\toko-api\system\Boot.php(334): CodeIgniter\CodeIgniter->run()
#13 C:\laragon\www\toko-api\system\Boot.php(67): CodeIgniter\Boot::runCodeIgniter(Object(CodeIgniter\CodeIgniter))
#14 C:\laragon\www\toko-api\public\index.php(56): CodeIgniter\Boot::bootWeb(Object(Config\Paths))
#15 C:\laragon\www\toko-api\system\rewrite.php(44): require_once('C:\\laragon\\www\\...')
#16 {main}
ERROR - 2025-03-06 05:49:46 --> mysqli_sql_exception: Table 'toko_api.member' doesn't exist in C:\laragon\www\toko-api\system\Database\MySQLi\Connection.php:327
Stack trace:
#0 C:\laragon\www\toko-api\system\Database\MySQLi\Connection.php(327): mysqli->query('SELECT *\nFROM `...', 0)
#1 C:\laragon\www\toko-api\system\Database\BaseConnection.php(738): CodeIgniter\Database\MySQLi\Connection->execute('SELECT *\nFROM `...')
#2 C:\laragon\www\toko-api\system\Database\BaseConnection.php(652): CodeIgniter\Database\BaseConnection->simpleQuery('SELECT *\nFROM `...')
#3 C:\laragon\www\toko-api\system\Database\BaseBuilder.php(1649): CodeIgniter\Database\BaseConnection->query('SELECT *\nFROM `...', Array, false)
#4 C:\laragon\www\toko-api\system\Model.php(330): CodeIgniter\Database\BaseBuilder->get()
#5 C:\laragon\www\toko-api\system\BaseModel.php(713): CodeIgniter\Model->doFirst()
#6 C:\laragon\www\toko-api\app\Controllers\LoginController.php(16): CodeIgniter\BaseModel->first()
#7 C:\laragon\www\toko-api\system\CodeIgniter.php(933): App\Controllers\LoginController->login()
#8 C:\laragon\www\toko-api\system\CodeIgniter.php(507): CodeIgniter\CodeIgniter->runController(Object(App\Controllers\LoginController))
#9 C:\laragon\www\toko-api\system\CodeIgniter.php(354): CodeIgniter\CodeIgniter->handleRequest(NULL, Object(Config\Cache), false)
#10 C:\laragon\www\toko-api\system\Boot.php(334): CodeIgniter\CodeIgniter->run()
#11 C:\laragon\www\toko-api\system\Boot.php(67): CodeIgniter\Boot::runCodeIgniter(Object(CodeIgniter\CodeIgniter))
#12 C:\laragon\www\toko-api\public\index.php(56): CodeIgniter\Boot::bootWeb(Object(Config\Paths))
#13 C:\laragon\www\toko-api\system\rewrite.php(44): require_once('C:\\laragon\\www\\...')
#14 {main}
CRITICAL - 2025-03-06 05:49:46 --> Error: Call to a member function getFirstRow() on bool
[Method: POST, Route: login]
in SYSTEMPATH\Model.php on line 330.
 1 SYSTEMPATH\BaseModel.php(713): CodeIgniter\Model->doFirst()
 2 APPPATH\Controllers\LoginController.php(16): CodeIgniter\BaseModel->first()
 3 SYSTEMPATH\CodeIgniter.php(933): App\Controllers\LoginController->login()
 4 SYSTEMPATH\CodeIgniter.php(507): CodeIgniter\CodeIgniter->runController(Object(App\Controllers\LoginController))
 5 SYSTEMPATH\CodeIgniter.php(354): CodeIgniter\CodeIgniter->handleRequest(null, Object(Config\Cache), false)
 6 SYSTEMPATH\Boot.php(334): CodeIgniter\CodeIgniter->run()
 7 SYSTEMPATH\Boot.php(67): CodeIgniter\Boot::runCodeIgniter(Object(CodeIgniter\CodeIgniter))
 8 FCPATH\index.php(56): CodeIgniter\Boot::bootWeb(Object(Config\Paths))
 9 SYSTEMPATH\rewrite.php(44): require_once('C:\\laragon\\www\\toko-api\\public\\index.php')
ERROR - 2025-03-06 05:51:16 --> mysqli_sql_exception: Table 'toko_api.member' doesn't exist in C:\laragon\www\toko-api\system\Database\MySQLi\Connection.php:327
Stack trace:
#0 C:\laragon\www\toko-api\system\Database\MySQLi\Connection.php(327): mysqli->query('SELECT *\nFROM `...', 0)
#1 C:\laragon\www\toko-api\system\Database\BaseConnection.php(738): CodeIgniter\Database\MySQLi\Connection->execute('SELECT *\nFROM `...')
#2 C:\laragon\www\toko-api\system\Database\BaseConnection.php(652): CodeIgniter\Database\BaseConnection->simpleQuery('SELECT *\nFROM `...')
#3 C:\laragon\www\toko-api\system\Database\BaseBuilder.php(1649): CodeIgniter\Database\BaseConnection->query('SELECT *\nFROM `...', Array, false)
#4 C:\laragon\www\toko-api\system\Model.php(330): CodeIgniter\Database\BaseBuilder->get()
#5 C:\laragon\www\toko-api\system\BaseModel.php(713): CodeIgniter\Model->doFirst()
#6 C:\laragon\www\toko-api\app\Controllers\LoginController.php(16): CodeIgniter\BaseModel->first()
#7 C:\laragon\www\toko-api\system\CodeIgniter.php(933): App\Controllers\LoginController->login()
#8 C:\laragon\www\toko-api\system\CodeIgniter.php(507): CodeIgniter\CodeIgniter->runController(Object(App\Controllers\LoginController))
#9 C:\laragon\www\toko-api\system\CodeIgniter.php(354): CodeIgniter\CodeIgniter->handleRequest(NULL, Object(Config\Cache), false)
#10 C:\laragon\www\toko-api\system\Boot.php(334): CodeIgniter\CodeIgniter->run()
#11 C:\laragon\www\toko-api\system\Boot.php(67): CodeIgniter\Boot::runCodeIgniter(Object(CodeIgniter\CodeIgniter))
#12 C:\laragon\www\toko-api\public\index.php(56): CodeIgniter\Boot::bootWeb(Object(Config\Paths))
#13 C:\laragon\www\toko-api\system\rewrite.php(44): require_once('C:\\laragon\\www\\...')
#14 {main}
CRITICAL - 2025-03-06 05:51:16 --> Error: Call to a member function getFirstRow() on bool
[Method: POST, Route: login]
in SYSTEMPATH\Model.php on line 330.
 1 SYSTEMPATH\BaseModel.php(713): CodeIgniter\Model->doFirst()
 2 APPPATH\Controllers\LoginController.php(16): CodeIgniter\BaseModel->first()
 3 SYSTEMPATH\CodeIgniter.php(933): App\Controllers\LoginController->login()
 4 SYSTEMPATH\CodeIgniter.php(507): CodeIgniter\CodeIgniter->runController(Object(App\Controllers\LoginController))
 5 SYSTEMPATH\CodeIgniter.php(354): CodeIgniter\CodeIgniter->handleRequest(null, Object(Config\Cache), false)
 6 SYSTEMPATH\Boot.php(334): CodeIgniter\CodeIgniter->run()
 7 SYSTEMPATH\Boot.php(67): CodeIgniter\Boot::runCodeIgniter(Object(CodeIgniter\CodeIgniter))
 8 FCPATH\index.php(56): CodeIgniter\Boot::bootWeb(Object(Config\Paths))
 9 SYSTEMPATH\rewrite.php(44): require_once('C:\\laragon\\www\\toko-api\\public\\index.php')
ERROR - 2025-03-06 05:52:46 --> mysqli_sql_exception: Table 'toko_api.member' doesn't exist in C:\laragon\www\toko-api\system\Database\MySQLi\Connection.php:327
Stack trace:
#0 C:\laragon\www\toko-api\system\Database\MySQLi\Connection.php(327): mysqli->query('SELECT *\nFROM `...', 0)
#1 C:\laragon\www\toko-api\system\Database\BaseConnection.php(738): CodeIgniter\Database\MySQLi\Connection->execute('SELECT *\nFROM `...')
#2 C:\laragon\www\toko-api\system\Database\BaseConnection.php(652): CodeIgniter\Database\BaseConnection->simpleQuery('SELECT *\nFROM `...')
#3 C:\laragon\www\toko-api\system\Database\BaseBuilder.php(1649): CodeIgniter\Database\BaseConnection->query('SELECT *\nFROM `...', Array, false)
#4 C:\laragon\www\toko-api\system\Model.php(330): CodeIgniter\Database\BaseBuilder->get()
#5 C:\laragon\www\toko-api\system\BaseModel.php(713): CodeIgniter\Model->doFirst()
#6 C:\laragon\www\toko-api\app\Controllers\LoginController.php(16): CodeIgniter\BaseModel->first()
#7 C:\laragon\www\toko-api\system\CodeIgniter.php(933): App\Controllers\LoginController->login()
#8 C:\laragon\www\toko-api\system\CodeIgniter.php(507): CodeIgniter\CodeIgniter->runController(Object(App\Controllers\LoginController))
#9 C:\laragon\www\toko-api\system\CodeIgniter.php(354): CodeIgniter\CodeIgniter->handleRequest(NULL, Object(Config\Cache), false)
#10 C:\laragon\www\toko-api\system\Boot.php(334): CodeIgniter\CodeIgniter->run()
#11 C:\laragon\www\toko-api\system\Boot.php(67): CodeIgniter\Boot::runCodeIgniter(Object(CodeIgniter\CodeIgniter))
#12 C:\laragon\www\toko-api\public\index.php(56): CodeIgniter\Boot::bootWeb(Object(Config\Paths))
#13 C:\laragon\www\toko-api\system\rewrite.php(44): require_once('C:\\laragon\\www\\...')
#14 {main}
CRITICAL - 2025-03-06 05:52:46 --> Error: Call to a member function getFirstRow() on bool
[Method: POST, Route: login]
in SYSTEMPATH\Model.php on line 330.
 1 SYSTEMPATH\BaseModel.php(713): CodeIgniter\Model->doFirst()
 2 APPPATH\Controllers\LoginController.php(16): CodeIgniter\BaseModel->first()
 3 SYSTEMPATH\CodeIgniter.php(933): App\Controllers\LoginController->login()
 4 SYSTEMPATH\CodeIgniter.php(507): CodeIgniter\CodeIgniter->runController(Object(App\Controllers\LoginController))
 5 SYSTEMPATH\CodeIgniter.php(354): CodeIgniter\CodeIgniter->handleRequest(null, Object(Config\Cache), false)
 6 SYSTEMPATH\Boot.php(334): CodeIgniter\CodeIgniter->run()
 7 SYSTEMPATH\Boot.php(67): CodeIgniter\Boot::runCodeIgniter(Object(CodeIgniter\CodeIgniter))
 8 FCPATH\index.php(56): CodeIgniter\Boot::bootWeb(Object(Config\Paths))
 9 SYSTEMPATH\rewrite.php(44): require_once('C:\\laragon\\www\\toko-api\\public\\index.php')
ERROR - 2025-03-06 05:53:20 --> mysqli_sql_exception: Table 'toko_api.member' doesn't exist in C:\laragon\www\toko-api\system\Database\MySQLi\Connection.php:327
Stack trace:
#0 C:\laragon\www\toko-api\system\Database\MySQLi\Connection.php(327): mysqli->query('SELECT *\nFROM `...', 0)
#1 C:\laragon\www\toko-api\system\Database\BaseConnection.php(738): CodeIgniter\Database\MySQLi\Connection->execute('SELECT *\nFROM `...')
#2 C:\laragon\www\toko-api\system\Database\BaseConnection.php(652): CodeIgniter\Database\BaseConnection->simpleQuery('SELECT *\nFROM `...')
#3 C:\laragon\www\toko-api\system\Database\BaseBuilder.php(1649): CodeIgniter\Database\BaseConnection->query('SELECT *\nFROM `...', Array, false)
#4 C:\laragon\www\toko-api\system\Model.php(330): CodeIgniter\Database\BaseBuilder->get()
#5 C:\laragon\www\toko-api\system\BaseModel.php(713): CodeIgniter\Model->doFirst()
#6 C:\laragon\www\toko-api\app\Controllers\LoginController.php(16): CodeIgniter\BaseModel->first()
#7 C:\laragon\www\toko-api\system\CodeIgniter.php(933): App\Controllers\LoginController->login()
#8 C:\laragon\www\toko-api\system\CodeIgniter.php(507): CodeIgniter\CodeIgniter->runController(Object(App\Controllers\LoginController))
#9 C:\laragon\www\toko-api\system\CodeIgniter.php(354): CodeIgniter\CodeIgniter->handleRequest(NULL, Object(Config\Cache), false)
#10 C:\laragon\www\toko-api\system\Boot.php(334): CodeIgniter\CodeIgniter->run()
#11 C:\laragon\www\toko-api\system\Boot.php(67): CodeIgniter\Boot::runCodeIgniter(Object(CodeIgniter\CodeIgniter))
#12 C:\laragon\www\toko-api\public\index.php(56): CodeIgniter\Boot::bootWeb(Object(Config\Paths))
#13 C:\laragon\www\toko-api\system\rewrite.php(44): require_once('C:\\laragon\\www\\...')
#14 {main}
CRITICAL - 2025-03-06 05:53:20 --> Error: Call to a member function getFirstRow() on bool
[Method: POST, Route: login]
in SYSTEMPATH\Model.php on line 330.
 1 SYSTEMPATH\BaseModel.php(713): CodeIgniter\Model->doFirst()
 2 APPPATH\Controllers\LoginController.php(16): CodeIgniter\BaseModel->first()
 3 SYSTEMPATH\CodeIgniter.php(933): App\Controllers\LoginController->login()
 4 SYSTEMPATH\CodeIgniter.php(507): CodeIgniter\CodeIgniter->runController(Object(App\Controllers\LoginController))
 5 SYSTEMPATH\CodeIgniter.php(354): CodeIgniter\CodeIgniter->handleRequest(null, Object(Config\Cache), false)
 6 SYSTEMPATH\Boot.php(334): CodeIgniter\CodeIgniter->run()
 7 SYSTEMPATH\Boot.php(67): CodeIgniter\Boot::runCodeIgniter(Object(CodeIgniter\CodeIgniter))
 8 FCPATH\index.php(56): CodeIgniter\Boot::bootWeb(Object(Config\Paths))
 9 SYSTEMPATH\rewrite.php(44): require_once('C:\\laragon\\www\\toko-api\\public\\index.php')
ERROR - 2025-03-06 05:53:25 --> mysqli_sql_exception: Table 'toko_api.member' doesn't exist in C:\laragon\www\toko-api\system\Database\MySQLi\Connection.php:327
Stack trace:
#0 C:\laragon\www\toko-api\system\Database\MySQLi\Connection.php(327): mysqli->query('SELECT *\nFROM `...', 0)
#1 C:\laragon\www\toko-api\system\Database\BaseConnection.php(738): CodeIgniter\Database\MySQLi\Connection->execute('SELECT *\nFROM `...')
#2 C:\laragon\www\toko-api\system\Database\BaseConnection.php(652): CodeIgniter\Database\BaseConnection->simpleQuery('SELECT *\nFROM `...')
#3 C:\laragon\www\toko-api\system\Database\BaseBuilder.php(1649): CodeIgniter\Database\BaseConnection->query('SELECT *\nFROM `...', Array, false)
#4 C:\laragon\www\toko-api\system\Model.php(330): CodeIgniter\Database\BaseBuilder->get()
#5 C:\laragon\www\toko-api\system\BaseModel.php(713): CodeIgniter\Model->doFirst()
#6 C:\laragon\www\toko-api\app\Controllers\LoginController.php(16): CodeIgniter\BaseModel->first()
#7 C:\laragon\www\toko-api\system\CodeIgniter.php(933): App\Controllers\LoginController->login()
#8 C:\laragon\www\toko-api\system\CodeIgniter.php(507): CodeIgniter\CodeIgniter->runController(Object(App\Controllers\LoginController))
#9 C:\laragon\www\toko-api\system\CodeIgniter.php(354): CodeIgniter\CodeIgniter->handleRequest(NULL, Object(Config\Cache), false)
#10 C:\laragon\www\toko-api\system\Boot.php(334): CodeIgniter\CodeIgniter->run()
#11 C:\laragon\www\toko-api\system\Boot.php(67): CodeIgniter\Boot::runCodeIgniter(Object(CodeIgniter\CodeIgniter))
#12 C:\laragon\www\toko-api\public\index.php(56): CodeIgniter\Boot::bootWeb(Object(Config\Paths))
#13 C:\laragon\www\toko-api\system\rewrite.php(44): require_once('C:\\laragon\\www\\...')
#14 {main}
CRITICAL - 2025-03-06 05:53:25 --> Error: Call to a member function getFirstRow() on bool
[Method: POST, Route: login]
in SYSTEMPATH\Model.php on line 330.
 1 SYSTEMPATH\BaseModel.php(713): CodeIgniter\Model->doFirst()
 2 APPPATH\Controllers\LoginController.php(16): CodeIgniter\BaseModel->first()
 3 SYSTEMPATH\CodeIgniter.php(933): App\Controllers\LoginController->login()
 4 SYSTEMPATH\CodeIgniter.php(507): CodeIgniter\CodeIgniter->runController(Object(App\Controllers\LoginController))
 5 SYSTEMPATH\CodeIgniter.php(354): CodeIgniter\CodeIgniter->handleRequest(null, Object(Config\Cache), false)
 6 SYSTEMPATH\Boot.php(334): CodeIgniter\CodeIgniter->run()
 7 SYSTEMPATH\Boot.php(67): CodeIgniter\Boot::runCodeIgniter(Object(CodeIgniter\CodeIgniter))
 8 FCPATH\index.php(56): CodeIgniter\Boot::bootWeb(Object(Config\Paths))
 9 SYSTEMPATH\rewrite.php(44): require_once('C:\\laragon\\www\\toko-api\\public\\index.php')
ERROR - 2025-03-06 05:53:28 --> mysqli_sql_exception: Table 'toko_api.member' doesn't exist in C:\laragon\www\toko-api\system\Database\MySQLi\Connection.php:327
Stack trace:
#0 C:\laragon\www\toko-api\system\Database\MySQLi\Connection.php(327): mysqli->query('SELECT *\nFROM `...', 0)
#1 C:\laragon\www\toko-api\system\Database\BaseConnection.php(738): CodeIgniter\Database\MySQLi\Connection->execute('SELECT *\nFROM `...')
#2 C:\laragon\www\toko-api\system\Database\BaseConnection.php(652): CodeIgniter\Database\BaseConnection->simpleQuery('SELECT *\nFROM `...')
#3 C:\laragon\www\toko-api\system\Database\BaseBuilder.php(1649): CodeIgniter\Database\BaseConnection->query('SELECT *\nFROM `...', Array, false)
#4 C:\laragon\www\toko-api\system\Model.php(330): CodeIgniter\Database\BaseBuilder->get()
#5 C:\laragon\www\toko-api\system\BaseModel.php(713): CodeIgniter\Model->doFirst()
#6 C:\laragon\www\toko-api\app\Controllers\LoginController.php(16): CodeIgniter\BaseModel->first()
#7 C:\laragon\www\toko-api\system\CodeIgniter.php(933): App\Controllers\LoginController->login()
#8 C:\laragon\www\toko-api\system\CodeIgniter.php(507): CodeIgniter\CodeIgniter->runController(Object(App\Controllers\LoginController))
#9 C:\laragon\www\toko-api\system\CodeIgniter.php(354): CodeIgniter\CodeIgniter->handleRequest(NULL, Object(Config\Cache), false)
#10 C:\laragon\www\toko-api\system\Boot.php(334): CodeIgniter\CodeIgniter->run()
#11 C:\laragon\www\toko-api\system\Boot.php(67): CodeIgniter\Boot::runCodeIgniter(Object(CodeIgniter\CodeIgniter))
#12 C:\laragon\www\toko-api\public\index.php(56): CodeIgniter\Boot::bootWeb(Object(Config\Paths))
#13 C:\laragon\www\toko-api\system\rewrite.php(44): require_once('C:\\laragon\\www\\...')
#14 {main}
CRITICAL - 2025-03-06 05:53:28 --> Error: Call to a member function getFirstRow() on bool
[Method: POST, Route: login]
in SYSTEMPATH\Model.php on line 330.
 1 SYSTEMPATH\BaseModel.php(713): CodeIgniter\Model->doFirst()
 2 APPPATH\Controllers\LoginController.php(16): CodeIgniter\BaseModel->first()
 3 SYSTEMPATH\CodeIgniter.php(933): App\Controllers\LoginController->login()
 4 SYSTEMPATH\CodeIgniter.php(507): CodeIgniter\CodeIgniter->runController(Object(App\Controllers\LoginController))
 5 SYSTEMPATH\CodeIgniter.php(354): CodeIgniter\CodeIgniter->handleRequest(null, Object(Config\Cache), false)
 6 SYSTEMPATH\Boot.php(334): CodeIgniter\CodeIgniter->run()
 7 SYSTEMPATH\Boot.php(67): CodeIgniter\Boot::runCodeIgniter(Object(CodeIgniter\CodeIgniter))
 8 FCPATH\index.php(56): CodeIgniter\Boot::bootWeb(Object(Config\Paths))
 9 SYSTEMPATH\rewrite.php(44): require_once('C:\\laragon\\www\\toko-api\\public\\index.php')
ERROR - 2025-03-06 06:07:12 --> mysqli_sql_exception: Table 'toko_api.member' doesn't exist in C:\laragon\www\toko-api\system\Database\MySQLi\Connection.php:327
Stack trace:
#0 C:\laragon\www\toko-api\system\Database\MySQLi\Connection.php(327): mysqli->query('SELECT *\nFROM `...', 0)
#1 C:\laragon\www\toko-api\system\Database\BaseConnection.php(738): CodeIgniter\Database\MySQLi\Connection->execute('SELECT *\nFROM `...')
#2 C:\laragon\www\toko-api\system\Database\BaseConnection.php(652): CodeIgniter\Database\BaseConnection->simpleQuery('SELECT *\nFROM `...')
#3 C:\laragon\www\toko-api\system\Database\BaseBuilder.php(1649): CodeIgniter\Database\BaseConnection->query('SELECT *\nFROM `...', Array, false)
#4 C:\laragon\www\toko-api\system\Model.php(330): CodeIgniter\Database\BaseBuilder->get()
#5 C:\laragon\www\toko-api\system\BaseModel.php(713): CodeIgniter\Model->doFirst()
#6 C:\laragon\www\toko-api\app\Controllers\LoginController.php(16): CodeIgniter\BaseModel->first()
#7 C:\laragon\www\toko-api\system\CodeIgniter.php(933): App\Controllers\LoginController->login()
#8 C:\laragon\www\toko-api\system\CodeIgniter.php(507): CodeIgniter\CodeIgniter->runController(Object(App\Controllers\LoginController))
#9 C:\laragon\www\toko-api\system\CodeIgniter.php(354): CodeIgniter\CodeIgniter->handleRequest(NULL, Object(Config\Cache), false)
#10 C:\laragon\www\toko-api\system\Boot.php(334): CodeIgniter\CodeIgniter->run()
#11 C:\laragon\www\toko-api\system\Boot.php(67): CodeIgniter\Boot::runCodeIgniter(Object(CodeIgniter\CodeIgniter))
#12 C:\laragon\www\toko-api\public\index.php(56): CodeIgniter\Boot::bootWeb(Object(Config\Paths))
#13 C:\laragon\www\toko-api\system\rewrite.php(44): require_once('C:\\laragon\\www\\...')
#14 {main}
CRITICAL - 2025-03-06 06:07:12 --> Error: Call to a member function getFirstRow() on bool
[Method: POST, Route: login]
in SYSTEMPATH\Model.php on line 330.
 1 SYSTEMPATH\BaseModel.php(713): CodeIgniter\Model->doFirst()
 2 APPPATH\Controllers\LoginController.php(16): CodeIgniter\BaseModel->first()
 3 SYSTEMPATH\CodeIgniter.php(933): App\Controllers\LoginController->login()
 4 SYSTEMPATH\CodeIgniter.php(507): CodeIgniter\CodeIgniter->runController(Object(App\Controllers\LoginController))
 5 SYSTEMPATH\CodeIgniter.php(354): CodeIgniter\CodeIgniter->handleRequest(null, Object(Config\Cache), false)
 6 SYSTEMPATH\Boot.php(334): CodeIgniter\CodeIgniter->run()
 7 SYSTEMPATH\Boot.php(67): CodeIgniter\Boot::runCodeIgniter(Object(CodeIgniter\CodeIgniter))
 8 FCPATH\index.php(56): CodeIgniter\Boot::bootWeb(Object(Config\Paths))
 9 SYSTEMPATH\rewrite.php(44): require_once('C:\\laragon\\www\\toko-api\\public\\index.php')
ERROR - 2025-03-06 06:07:22 --> mysqli_sql_exception: Table 'toko_api.member' doesn't exist in C:\laragon\www\toko-api\system\Database\MySQLi\Connection.php:327
Stack trace:
#0 C:\laragon\www\toko-api\system\Database\MySQLi\Connection.php(327): mysqli->query('INSERT INTO `me...', 0)
#1 C:\laragon\www\toko-api\system\Database\BaseConnection.php(738): CodeIgniter\Database\MySQLi\Connection->execute('INSERT INTO `me...')
#2 C:\laragon\www\toko-api\system\Database\BaseConnection.php(652): CodeIgniter\Database\BaseConnection->simpleQuery('INSERT INTO `me...')
#3 C:\laragon\www\toko-api\system\Database\BaseBuilder.php(2345): CodeIgniter\Database\BaseConnection->query('INSERT INTO `me...', Array, false)
#4 C:\laragon\www\toko-api\system\Model.php(394): CodeIgniter\Database\BaseBuilder->insert()
#5 C:\laragon\www\toko-api\system\BaseModel.php(839): CodeIgniter\Model->doInsert(Array)
#6 C:\laragon\www\toko-api\system\Model.php(800): CodeIgniter\BaseModel->insert(Array, false)
#7 C:\laragon\www\toko-api\system\BaseModel.php(750): CodeIgniter\Model->insert(Array, false)
#8 C:\laragon\www\toko-api\app\Controllers\RegistrasiController.php(18): CodeIgniter\BaseModel->save(Array)
#9 C:\laragon\www\toko-api\system\CodeIgniter.php(933): App\Controllers\RegistrasiController->registrasi()
#10 C:\laragon\www\toko-api\system\CodeIgniter.php(507): CodeIgniter\CodeIgniter->runController(Object(App\Controllers\RegistrasiController))
#11 C:\laragon\www\toko-api\system\CodeIgniter.php(354): CodeIgniter\CodeIgniter->handleRequest(NULL, Object(Config\Cache), false)
#12 C:\laragon\www\toko-api\system\Boot.php(334): CodeIgniter\CodeIgniter->run()
#13 C:\laragon\www\toko-api\system\Boot.php(67): CodeIgniter\Boot::runCodeIgniter(Object(CodeIgniter\CodeIgniter))
#14 C:\laragon\www\toko-api\public\index.php(56): CodeIgniter\Boot::bootWeb(Object(Config\Paths))
#15 C:\laragon\www\toko-api\system\rewrite.php(44): require_once('C:\\laragon\\www\\...')
#16 {main}
ERROR - 2025-03-06 06:07:33 --> mysqli_sql_exception: Table 'toko_api.member' doesn't exist in C:\laragon\www\toko-api\system\Database\MySQLi\Connection.php:327
Stack trace:
#0 C:\laragon\www\toko-api\system\Database\MySQLi\Connection.php(327): mysqli->query('SELECT *\nFROM `...', 0)
#1 C:\laragon\www\toko-api\system\Database\BaseConnection.php(738): CodeIgniter\Database\MySQLi\Connection->execute('SELECT *\nFROM `...')
#2 C:\laragon\www\toko-api\system\Database\BaseConnection.php(652): CodeIgniter\Database\BaseConnection->simpleQuery('SELECT *\nFROM `...')
#3 C:\laragon\www\toko-api\system\Database\BaseBuilder.php(1649): CodeIgniter\Database\BaseConnection->query('SELECT *\nFROM `...', Array, false)
#4 C:\laragon\www\toko-api\system\Model.php(330): CodeIgniter\Database\BaseBuilder->get()
#5 C:\laragon\www\toko-api\system\BaseModel.php(713): CodeIgniter\Model->doFirst()
#6 C:\laragon\www\toko-api\app\Controllers\LoginController.php(16): CodeIgniter\BaseModel->first()
#7 C:\laragon\www\toko-api\system\CodeIgniter.php(933): App\Controllers\LoginController->login()
#8 C:\laragon\www\toko-api\system\CodeIgniter.php(507): CodeIgniter\CodeIgniter->runController(Object(App\Controllers\LoginController))
#9 C:\laragon\www\toko-api\system\CodeIgniter.php(354): CodeIgniter\CodeIgniter->handleRequest(NULL, Object(Config\Cache), false)
#10 C:\laragon\www\toko-api\system\Boot.php(334): CodeIgniter\CodeIgniter->run()
#11 C:\laragon\www\toko-api\system\Boot.php(67): CodeIgniter\Boot::runCodeIgniter(Object(CodeIgniter\CodeIgniter))
#12 C:\laragon\www\toko-api\public\index.php(56): CodeIgniter\Boot::bootWeb(Object(Config\Paths))
#13 C:\laragon\www\toko-api\system\rewrite.php(44): require_once('C:\\laragon\\www\\...')
#14 {main}
CRITICAL - 2025-03-06 06:07:33 --> Error: Call to a member function getFirstRow() on bool
[Method: POST, Route: login]
in SYSTEMPATH\Model.php on line 330.
 1 SYSTEMPATH\BaseModel.php(713): CodeIgniter\Model->doFirst()
 2 APPPATH\Controllers\LoginController.php(16): CodeIgniter\BaseModel->first()
 3 SYSTEMPATH\CodeIgniter.php(933): App\Controllers\LoginController->login()
 4 SYSTEMPATH\CodeIgniter.php(507): CodeIgniter\CodeIgniter->runController(Object(App\Controllers\LoginController))
 5 SYSTEMPATH\CodeIgniter.php(354): CodeIgniter\CodeIgniter->handleRequest(null, Object(Config\Cache), false)
 6 SYSTEMPATH\Boot.php(334): CodeIgniter\CodeIgniter->run()
 7 SYSTEMPATH\Boot.php(67): CodeIgniter\Boot::runCodeIgniter(Object(CodeIgniter\CodeIgniter))
 8 FCPATH\index.php(56): CodeIgniter\Boot::bootWeb(Object(Config\Paths))
 9 SYSTEMPATH\rewrite.php(44): require_once('C:\\laragon\\www\\toko-api\\public\\index.php')
ERROR - 2025-03-06 06:17:14 --> mysqli_sql_exception: Table 'toko_api.member' doesn't exist in C:\laragon\www\toko-api\system\Database\MySQLi\Connection.php:327
Stack trace:
#0 C:\laragon\www\toko-api\system\Database\MySQLi\Connection.php(327): mysqli->query('SELECT *\nFROM `...', 0)
#1 C:\laragon\www\toko-api\system\Database\BaseConnection.php(738): CodeIgniter\Database\MySQLi\Connection->execute('SELECT *\nFROM `...')
#2 C:\laragon\www\toko-api\system\Database\BaseConnection.php(652): CodeIgniter\Database\BaseConnection->simpleQuery('SELECT *\nFROM `...')
#3 C:\laragon\www\toko-api\system\Database\BaseBuilder.php(1649): CodeIgniter\Database\BaseConnection->query('SELECT *\nFROM `...', Array, false)
#4 C:\laragon\www\toko-api\system\Model.php(330): CodeIgniter\Database\BaseBuilder->get()
#5 C:\laragon\www\toko-api\system\BaseModel.php(713): CodeIgniter\Model->doFirst()
#6 C:\laragon\www\toko-api\app\Controllers\LoginController.php(16): CodeIgniter\BaseModel->first()
#7 C:\laragon\www\toko-api\system\CodeIgniter.php(933): App\Controllers\LoginController->login()
#8 C:\laragon\www\toko-api\system\CodeIgniter.php(507): CodeIgniter\CodeIgniter->runController(Object(App\Controllers\LoginController))
#9 C:\laragon\www\toko-api\system\CodeIgniter.php(354): CodeIgniter\CodeIgniter->handleRequest(NULL, Object(Config\Cache), false)
#10 C:\laragon\www\toko-api\system\Boot.php(334): CodeIgniter\CodeIgniter->run()
#11 C:\laragon\www\toko-api\system\Boot.php(67): CodeIgniter\Boot::runCodeIgniter(Object(CodeIgniter\CodeIgniter))
#12 C:\laragon\www\toko-api\public\index.php(56): CodeIgniter\Boot::bootWeb(Object(Config\Paths))
#13 C:\laragon\www\toko-api\system\rewrite.php(44): require_once('C:\\laragon\\www\\...')
#14 {main}
CRITICAL - 2025-03-06 06:17:14 --> Error: Call to a member function getFirstRow() on bool
[Method: POST, Route: login]
in SYSTEMPATH\Model.php on line 330.
 1 SYSTEMPATH\BaseModel.php(713): CodeIgniter\Model->doFirst()
 2 APPPATH\Controllers\LoginController.php(16): CodeIgniter\BaseModel->first()
 3 SYSTEMPATH\CodeIgniter.php(933): App\Controllers\LoginController->login()
 4 SYSTEMPATH\CodeIgniter.php(507): CodeIgniter\CodeIgniter->runController(Object(App\Controllers\LoginController))
 5 SYSTEMPATH\CodeIgniter.php(354): CodeIgniter\CodeIgniter->handleRequest(null, Object(Config\Cache), false)
 6 SYSTEMPATH\Boot.php(334): CodeIgniter\CodeIgniter->run()
 7 SYSTEMPATH\Boot.php(67): CodeIgniter\Boot::runCodeIgniter(Object(CodeIgniter\CodeIgniter))
 8 FCPATH\index.php(56): CodeIgniter\Boot::bootWeb(Object(Config\Paths))
 9 SYSTEMPATH\rewrite.php(44): require_once('C:\\laragon\\www\\toko-api\\public\\index.php')
ERROR - 2025-03-06 06:21:41 --> mysqli_sql_exception: Table 'toko_api.member' doesn't exist in C:\laragon\www\toko-api\system\Database\MySQLi\Connection.php:327
Stack trace:
#0 C:\laragon\www\toko-api\system\Database\MySQLi\Connection.php(327): mysqli->query('SELECT *\nFROM `...', 0)
#1 C:\laragon\www\toko-api\system\Database\BaseConnection.php(738): CodeIgniter\Database\MySQLi\Connection->execute('SELECT *\nFROM `...')
#2 C:\laragon\www\toko-api\system\Database\BaseConnection.php(652): CodeIgniter\Database\BaseConnection->simpleQuery('SELECT *\nFROM `...')
#3 C:\laragon\www\toko-api\system\Database\BaseBuilder.php(1649): CodeIgniter\Database\BaseConnection->query('SELECT *\nFROM `...', Array, false)
#4 C:\laragon\www\toko-api\system\Model.php(330): CodeIgniter\Database\BaseBuilder->get()
#5 C:\laragon\www\toko-api\system\BaseModel.php(713): CodeIgniter\Model->doFirst()
#6 C:\laragon\www\toko-api\app\Controllers\LoginController.php(16): CodeIgniter\BaseModel->first()
#7 C:\laragon\www\toko-api\system\CodeIgniter.php(933): App\Controllers\LoginController->login()
#8 C:\laragon\www\toko-api\system\CodeIgniter.php(507): CodeIgniter\CodeIgniter->runController(Object(App\Controllers\LoginController))
#9 C:\laragon\www\toko-api\system\CodeIgniter.php(354): CodeIgniter\CodeIgniter->handleRequest(NULL, Object(Config\Cache), false)
#10 C:\laragon\www\toko-api\system\Boot.php(334): CodeIgniter\CodeIgniter->run()
#11 C:\laragon\www\toko-api\system\Boot.php(67): CodeIgniter\Boot::runCodeIgniter(Object(CodeIgniter\CodeIgniter))
#12 C:\laragon\www\toko-api\public\index.php(56): CodeIgniter\Boot::bootWeb(Object(Config\Paths))
#13 C:\laragon\www\toko-api\system\rewrite.php(44): require_once('C:\\laragon\\www\\...')
#14 {main}
CRITICAL - 2025-03-06 06:21:41 --> Error: Call to a member function getFirstRow() on bool
[Method: POST, Route: login]
in SYSTEMPATH\Model.php on line 330.
 1 SYSTEMPATH\BaseModel.php(713): CodeIgniter\Model->doFirst()
 2 APPPATH\Controllers\LoginController.php(16): CodeIgniter\BaseModel->first()
 3 SYSTEMPATH\CodeIgniter.php(933): App\Controllers\LoginController->login()
 4 SYSTEMPATH\CodeIgniter.php(507): CodeIgniter\CodeIgniter->runController(Object(App\Controllers\LoginController))
 5 SYSTEMPATH\CodeIgniter.php(354): CodeIgniter\CodeIgniter->handleRequest(null, Object(Config\Cache), false)
 6 SYSTEMPATH\Boot.php(334): CodeIgniter\CodeIgniter->run()
 7 SYSTEMPATH\Boot.php(67): CodeIgniter\Boot::runCodeIgniter(Object(CodeIgniter\CodeIgniter))
 8 FCPATH\index.php(56): CodeIgniter\Boot::bootWeb(Object(Config\Paths))
 9 SYSTEMPATH\rewrite.php(44): require_once('C:\\laragon\\www\\toko-api\\public\\index.php')
ERROR - 2025-03-06 06:22:09 --> mysqli_sql_exception: Table 'toko_api.member' doesn't exist in C:\laragon\www\toko-api\system\Database\MySQLi\Connection.php:327
Stack trace:
#0 C:\laragon\www\toko-api\system\Database\MySQLi\Connection.php(327): mysqli->query('SELECT *\nFROM `...', 0)
#1 C:\laragon\www\toko-api\system\Database\BaseConnection.php(738): CodeIgniter\Database\MySQLi\Connection->execute('SELECT *\nFROM `...')
#2 C:\laragon\www\toko-api\system\Database\BaseConnection.php(652): CodeIgniter\Database\BaseConnection->simpleQuery('SELECT *\nFROM `...')
#3 C:\laragon\www\toko-api\system\Database\BaseBuilder.php(1649): CodeIgniter\Database\BaseConnection->query('SELECT *\nFROM `...', Array, false)
#4 C:\laragon\www\toko-api\system\Model.php(330): CodeIgniter\Database\BaseBuilder->get()
#5 C:\laragon\www\toko-api\system\BaseModel.php(713): CodeIgniter\Model->doFirst()
#6 C:\laragon\www\toko-api\app\Controllers\LoginController.php(16): CodeIgniter\BaseModel->first()
#7 C:\laragon\www\toko-api\system\CodeIgniter.php(933): App\Controllers\LoginController->login()
#8 C:\laragon\www\toko-api\system\CodeIgniter.php(507): CodeIgniter\CodeIgniter->runController(Object(App\Controllers\LoginController))
#9 C:\laragon\www\toko-api\system\CodeIgniter.php(354): CodeIgniter\CodeIgniter->handleRequest(NULL, Object(Config\Cache), false)
#10 C:\laragon\www\toko-api\system\Boot.php(334): CodeIgniter\CodeIgniter->run()
#11 C:\laragon\www\toko-api\system\Boot.php(67): CodeIgniter\Boot::runCodeIgniter(Object(CodeIgniter\CodeIgniter))
#12 C:\laragon\www\toko-api\public\index.php(56): CodeIgniter\Boot::bootWeb(Object(Config\Paths))
#13 C:\laragon\www\toko-api\system\rewrite.php(44): require_once('C:\\laragon\\www\\...')
#14 {main}
CRITICAL - 2025-03-06 06:22:09 --> Error: Call to a member function getFirstRow() on bool
[Method: POST, Route: login]
in SYSTEMPATH\Model.php on line 330.
 1 SYSTEMPATH\BaseModel.php(713): CodeIgniter\Model->doFirst()
 2 APPPATH\Controllers\LoginController.php(16): CodeIgniter\BaseModel->first()
 3 SYSTEMPATH\CodeIgniter.php(933): App\Controllers\LoginController->login()
 4 SYSTEMPATH\CodeIgniter.php(507): CodeIgniter\CodeIgniter->runController(Object(App\Controllers\LoginController))
 5 SYSTEMPATH\CodeIgniter.php(354): CodeIgniter\CodeIgniter->handleRequest(null, Object(Config\Cache), false)
 6 SYSTEMPATH\Boot.php(334): CodeIgniter\CodeIgniter->run()
 7 SYSTEMPATH\Boot.php(67): CodeIgniter\Boot::runCodeIgniter(Object(CodeIgniter\CodeIgniter))
 8 FCPATH\index.php(56): CodeIgniter\Boot::bootWeb(Object(Config\Paths))
 9 SYSTEMPATH\rewrite.php(44): require_once('C:\\laragon\\www\\toko-api\\public\\index.php')
ERROR - 2025-03-06 06:23:54 --> mysqli_sql_exception: Table 'toko_api.produk' doesn't exist in C:\laragon\www\toko-api\system\Database\MySQLi\Connection.php:327
Stack trace:
#0 C:\laragon\www\toko-api\system\Database\MySQLi\Connection.php(327): mysqli->query('INSERT INTO `pr...', 0)
#1 C:\laragon\www\toko-api\system\Database\BaseConnection.php(738): CodeIgniter\Database\MySQLi\Connection->execute('INSERT INTO `pr...')
#2 C:\laragon\www\toko-api\system\Database\BaseConnection.php(652): CodeIgniter\Database\BaseConnection->simpleQuery('INSERT INTO `pr...')
#3 C:\laragon\www\toko-api\system\Database\BaseBuilder.php(2345): CodeIgniter\Database\BaseConnection->query('INSERT INTO `pr...', Array, false)
#4 C:\laragon\www\toko-api\system\Model.php(394): CodeIgniter\Database\BaseBuilder->insert()
#5 C:\laragon\www\toko-api\system\BaseModel.php(839): CodeIgniter\Model->doInsert(Array)
#6 C:\laragon\www\toko-api\system\Model.php(800): CodeIgniter\BaseModel->insert(Array, true)
#7 C:\laragon\www\toko-api\app\Controllers\ProdukController.php(18): CodeIgniter\Model->insert(Array)
#8 C:\laragon\www\toko-api\system\CodeIgniter.php(933): App\Controllers\ProdukController->create()
#9 C:\laragon\www\toko-api\system\CodeIgniter.php(507): CodeIgniter\CodeIgniter->runController(Object(App\Controllers\ProdukController))
#10 C:\laragon\www\toko-api\system\CodeIgniter.php(354): CodeIgniter\CodeIgniter->handleRequest(NULL, Object(Config\Cache), false)
#11 C:\laragon\www\toko-api\system\Boot.php(334): CodeIgniter\CodeIgniter->run()
#12 C:\laragon\www\toko-api\system\Boot.php(67): CodeIgniter\Boot::runCodeIgniter(Object(CodeIgniter\CodeIgniter))
#13 C:\laragon\www\toko-api\public\index.php(56): CodeIgniter\Boot::bootWeb(Object(Config\Paths))
#14 C:\laragon\www\toko-api\system\rewrite.php(44): require_once('C:\\laragon\\www\\...')
#15 {main}
ERROR - 2025-03-06 06:23:54 --> mysqli_sql_exception: Table 'toko_api.produk' doesn't exist in C:\laragon\www\toko-api\system\Database\MySQLi\Connection.php:327
Stack trace:
#0 C:\laragon\www\toko-api\system\Database\MySQLi\Connection.php(327): mysqli->query('SELECT *\nFROM `...', 0)
#1 C:\laragon\www\toko-api\system\Database\BaseConnection.php(738): CodeIgniter\Database\MySQLi\Connection->execute('SELECT *\nFROM `...')
#2 C:\laragon\www\toko-api\system\Database\BaseConnection.php(652): CodeIgniter\Database\BaseConnection->simpleQuery('SELECT *\nFROM `...')
#3 C:\laragon\www\toko-api\system\Database\BaseBuilder.php(1649): CodeIgniter\Database\BaseConnection->query('SELECT *\nFROM `...', Array, false)
#4 C:\laragon\www\toko-api\system\Model.php(210): CodeIgniter\Database\BaseBuilder->get()
#5 C:\laragon\www\toko-api\system\BaseModel.php(609): CodeIgniter\Model->doFind(true, 0)
#6 C:\laragon\www\toko-api\app\Controllers\ProdukController.php(19): CodeIgniter\BaseModel->find(0)
#7 C:\laragon\www\toko-api\system\CodeIgniter.php(933): App\Controllers\ProdukController->create()
#8 C:\laragon\www\toko-api\system\CodeIgniter.php(507): CodeIgniter\CodeIgniter->runController(Object(App\Controllers\ProdukController))
#9 C:\laragon\www\toko-api\system\CodeIgniter.php(354): CodeIgniter\CodeIgniter->handleRequest(NULL, Object(Config\Cache), false)
#10 C:\laragon\www\toko-api\system\Boot.php(334): CodeIgniter\CodeIgniter->run()
#11 C:\laragon\www\toko-api\system\Boot.php(67): CodeIgniter\Boot::runCodeIgniter(Object(CodeIgniter\CodeIgniter))
#12 C:\laragon\www\toko-api\public\index.php(56): CodeIgniter\Boot::bootWeb(Object(Config\Paths))
#13 C:\laragon\www\toko-api\system\rewrite.php(44): require_once('C:\\laragon\\www\\...')
#14 {main}
CRITICAL - 2025-03-06 06:23:54 --> Error: Call to a member function getFirstRow() on bool
[Method: POST, Route: produk]
in SYSTEMPATH\Model.php on line 211.
 1 SYSTEMPATH\BaseModel.php(609): CodeIgniter\Model->doFind(true, 0)
 2 APPPATH\Controllers\ProdukController.php(19): CodeIgniter\BaseModel->find(0)
 3 SYSTEMPATH\CodeIgniter.php(933): App\Controllers\ProdukController->create()
 4 SYSTEMPATH\CodeIgniter.php(507): CodeIgniter\CodeIgniter->runController(Object(App\Controllers\ProdukController))
 5 SYSTEMPATH\CodeIgniter.php(354): CodeIgniter\CodeIgniter->handleRequest(null, Object(Config\Cache), false)
 6 SYSTEMPATH\Boot.php(334): CodeIgniter\CodeIgniter->run()
 7 SYSTEMPATH\Boot.php(67): CodeIgniter\Boot::runCodeIgniter(Object(CodeIgniter\CodeIgniter))
 8 FCPATH\index.php(56): CodeIgniter\Boot::bootWeb(Object(Config\Paths))
 9 SYSTEMPATH\rewrite.php(44): require_once('C:\\laragon\\www\\toko-api\\public\\index.php')
ERROR - 2025-03-06 06:24:01 --> mysqli_sql_exception: Table 'toko_api.produk' doesn't exist in C:\laragon\www\toko-api\system\Database\MySQLi\Connection.php:327
Stack trace:
#0 C:\laragon\www\toko-api\system\Database\MySQLi\Connection.php(327): mysqli->query('INSERT INTO `pr...', 0)
#1 C:\laragon\www\toko-api\system\Database\BaseConnection.php(738): CodeIgniter\Database\MySQLi\Connection->execute('INSERT INTO `pr...')
#2 C:\laragon\www\toko-api\system\Database\BaseConnection.php(652): CodeIgniter\Database\BaseConnection->simpleQuery('INSERT INTO `pr...')
#3 C:\laragon\www\toko-api\system\Database\BaseBuilder.php(2345): CodeIgniter\Database\BaseConnection->query('INSERT INTO `pr...', Array, false)
#4 C:\laragon\www\toko-api\system\Model.php(394): CodeIgniter\Database\BaseBuilder->insert()
#5 C:\laragon\www\toko-api\system\BaseModel.php(839): CodeIgniter\Model->doInsert(Array)
#6 C:\laragon\www\toko-api\system\Model.php(800): CodeIgniter\BaseModel->insert(Array, true)
#7 C:\laragon\www\toko-api\app\Controllers\ProdukController.php(18): CodeIgniter\Model->insert(Array)
#8 C:\laragon\www\toko-api\system\CodeIgniter.php(933): App\Controllers\ProdukController->create()
#9 C:\laragon\www\toko-api\system\CodeIgniter.php(507): CodeIgniter\CodeIgniter->runController(Object(App\Controllers\ProdukController))
#10 C:\laragon\www\toko-api\system\CodeIgniter.php(354): CodeIgniter\CodeIgniter->handleRequest(NULL, Object(Config\Cache), false)
#11 C:\laragon\www\toko-api\system\Boot.php(334): CodeIgniter\CodeIgniter->run()
#12 C:\laragon\www\toko-api\system\Boot.php(67): CodeIgniter\Boot::runCodeIgniter(Object(CodeIgniter\CodeIgniter))
#13 C:\laragon\www\toko-api\public\index.php(56): CodeIgniter\Boot::bootWeb(Object(Config\Paths))
#14 C:\laragon\www\toko-api\system\rewrite.php(44): require_once('C:\\laragon\\www\\...')
#15 {main}
ERROR - 2025-03-06 06:24:01 --> mysqli_sql_exception: Table 'toko_api.produk' doesn't exist in C:\laragon\www\toko-api\system\Database\MySQLi\Connection.php:327
Stack trace:
#0 C:\laragon\www\toko-api\system\Database\MySQLi\Connection.php(327): mysqli->query('SELECT *\nFROM `...', 0)
#1 C:\laragon\www\toko-api\system\Database\BaseConnection.php(738): CodeIgniter\Database\MySQLi\Connection->execute('SELECT *\nFROM `...')
#2 C:\laragon\www\toko-api\system\Database\BaseConnection.php(652): CodeIgniter\Database\BaseConnection->simpleQuery('SELECT *\nFROM `...')
#3 C:\laragon\www\toko-api\system\Database\BaseBuilder.php(1649): CodeIgniter\Database\BaseConnection->query('SELECT *\nFROM `...', Array, false)
#4 C:\laragon\www\toko-api\system\Model.php(210): CodeIgniter\Database\BaseBuilder->get()
#5 C:\laragon\www\toko-api\system\BaseModel.php(609): CodeIgniter\Model->doFind(true, 0)
#6 C:\laragon\www\toko-api\app\Controllers\ProdukController.php(19): CodeIgniter\BaseModel->find(0)
#7 C:\laragon\www\toko-api\system\CodeIgniter.php(933): App\Controllers\ProdukController->create()
#8 C:\laragon\www\toko-api\system\CodeIgniter.php(507): CodeIgniter\CodeIgniter->runController(Object(App\Controllers\ProdukController))
#9 C:\laragon\www\toko-api\system\CodeIgniter.php(354): CodeIgniter\CodeIgniter->handleRequest(NULL, Object(Config\Cache), false)
#10 C:\laragon\www\toko-api\system\Boot.php(334): CodeIgniter\CodeIgniter->run()
#11 C:\laragon\www\toko-api\system\Boot.php(67): CodeIgniter\Boot::runCodeIgniter(Object(CodeIgniter\CodeIgniter))
#12 C:\laragon\www\toko-api\public\index.php(56): CodeIgniter\Boot::bootWeb(Object(Config\Paths))
#13 C:\laragon\www\toko-api\system\rewrite.php(44): require_once('C:\\laragon\\www\\...')
#14 {main}
CRITICAL - 2025-03-06 06:24:01 --> Error: Call to a member function getFirstRow() on bool
[Method: POST, Route: produk]
in SYSTEMPATH\Model.php on line 211.
 1 SYSTEMPATH\BaseModel.php(609): CodeIgniter\Model->doFind(true, 0)
 2 APPPATH\Controllers\ProdukController.php(19): CodeIgniter\BaseModel->find(0)
 3 SYSTEMPATH\CodeIgniter.php(933): App\Controllers\ProdukController->create()
 4 SYSTEMPATH\CodeIgniter.php(507): CodeIgniter\CodeIgniter->runController(Object(App\Controllers\ProdukController))
 5 SYSTEMPATH\CodeIgniter.php(354): CodeIgniter\CodeIgniter->handleRequest(null, Object(Config\Cache), false)
 6 SYSTEMPATH\Boot.php(334): CodeIgniter\CodeIgniter->run()
 7 SYSTEMPATH\Boot.php(67): CodeIgniter\Boot::runCodeIgniter(Object(CodeIgniter\CodeIgniter))
 8 FCPATH\index.php(56): CodeIgniter\Boot::bootWeb(Object(Config\Paths))
 9 SYSTEMPATH\rewrite.php(44): require_once('C:\\laragon\\www\\toko-api\\public\\index.php')
ERROR - 2025-03-06 06:24:08 --> mysqli_sql_exception: Table 'toko_api.produk' doesn't exist in C:\laragon\www\toko-api\system\Database\MySQLi\Connection.php:327
Stack trace:
#0 C:\laragon\www\toko-api\system\Database\MySQLi\Connection.php(327): mysqli->query('INSERT INTO `pr...', 0)
#1 C:\laragon\www\toko-api\system\Database\BaseConnection.php(738): CodeIgniter\Database\MySQLi\Connection->execute('INSERT INTO `pr...')
#2 C:\laragon\www\toko-api\system\Database\BaseConnection.php(652): CodeIgniter\Database\BaseConnection->simpleQuery('INSERT INTO `pr...')
#3 C:\laragon\www\toko-api\system\Database\BaseBuilder.php(2345): CodeIgniter\Database\BaseConnection->query('INSERT INTO `pr...', Array, false)
#4 C:\laragon\www\toko-api\system\Model.php(394): CodeIgniter\Database\BaseBuilder->insert()
#5 C:\laragon\www\toko-api\system\BaseModel.php(839): CodeIgniter\Model->doInsert(Array)
#6 C:\laragon\www\toko-api\system\Model.php(800): CodeIgniter\BaseModel->insert(Array, true)
#7 C:\laragon\www\toko-api\app\Controllers\ProdukController.php(18): CodeIgniter\Model->insert(Array)
#8 C:\laragon\www\toko-api\system\CodeIgniter.php(933): App\Controllers\ProdukController->create()
#9 C:\laragon\www\toko-api\system\CodeIgniter.php(507): CodeIgniter\CodeIgniter->runController(Object(App\Controllers\ProdukController))
#10 C:\laragon\www\toko-api\system\CodeIgniter.php(354): CodeIgniter\CodeIgniter->handleRequest(NULL, Object(Config\Cache), false)
#11 C:\laragon\www\toko-api\system\Boot.php(334): CodeIgniter\CodeIgniter->run()
#12 C:\laragon\www\toko-api\system\Boot.php(67): CodeIgniter\Boot::runCodeIgniter(Object(CodeIgniter\CodeIgniter))
#13 C:\laragon\www\toko-api\public\index.php(56): CodeIgniter\Boot::bootWeb(Object(Config\Paths))
#14 C:\laragon\www\toko-api\system\rewrite.php(44): require_once('C:\\laragon\\www\\...')
#15 {main}
ERROR - 2025-03-06 06:24:08 --> mysqli_sql_exception: Table 'toko_api.produk' doesn't exist in C:\laragon\www\toko-api\system\Database\MySQLi\Connection.php:327
Stack trace:
#0 C:\laragon\www\toko-api\system\Database\MySQLi\Connection.php(327): mysqli->query('SELECT *\nFROM `...', 0)
#1 C:\laragon\www\toko-api\system\Database\BaseConnection.php(738): CodeIgniter\Database\MySQLi\Connection->execute('SELECT *\nFROM `...')
#2 C:\laragon\www\toko-api\system\Database\BaseConnection.php(652): CodeIgniter\Database\BaseConnection->simpleQuery('SELECT *\nFROM `...')
#3 C:\laragon\www\toko-api\system\Database\BaseBuilder.php(1649): CodeIgniter\Database\BaseConnection->query('SELECT *\nFROM `...', Array, false)
#4 C:\laragon\www\toko-api\system\Model.php(210): CodeIgniter\Database\BaseBuilder->get()
#5 C:\laragon\www\toko-api\system\BaseModel.php(609): CodeIgniter\Model->doFind(true, 0)
#6 C:\laragon\www\toko-api\app\Controllers\ProdukController.php(19): CodeIgniter\BaseModel->find(0)
#7 C:\laragon\www\toko-api\system\CodeIgniter.php(933): App\Controllers\ProdukController->create()
#8 C:\laragon\www\toko-api\system\CodeIgniter.php(507): CodeIgniter\CodeIgniter->runController(Object(App\Controllers\ProdukController))
#9 C:\laragon\www\toko-api\system\CodeIgniter.php(354): CodeIgniter\CodeIgniter->handleRequest(NULL, Object(Config\Cache), false)
#10 C:\laragon\www\toko-api\system\Boot.php(334): CodeIgniter\CodeIgniter->run()
#11 C:\laragon\www\toko-api\system\Boot.php(67): CodeIgniter\Boot::runCodeIgniter(Object(CodeIgniter\CodeIgniter))
#12 C:\laragon\www\toko-api\public\index.php(56): CodeIgniter\Boot::bootWeb(Object(Config\Paths))
#13 C:\laragon\www\toko-api\system\rewrite.php(44): require_once('C:\\laragon\\www\\...')
#14 {main}
CRITICAL - 2025-03-06 06:24:08 --> Error: Call to a member function getFirstRow() on bool
[Method: POST, Route: produk]
in SYSTEMPATH\Model.php on line 211.
 1 SYSTEMPATH\BaseModel.php(609): CodeIgniter\Model->doFind(true, 0)
 2 APPPATH\Controllers\ProdukController.php(19): CodeIgniter\BaseModel->find(0)
 3 SYSTEMPATH\CodeIgniter.php(933): App\Controllers\ProdukController->create()
 4 SYSTEMPATH\CodeIgniter.php(507): CodeIgniter\CodeIgniter->runController(Object(App\Controllers\ProdukController))
 5 SYSTEMPATH\CodeIgniter.php(354): CodeIgniter\CodeIgniter->handleRequest(null, Object(Config\Cache), false)
 6 SYSTEMPATH\Boot.php(334): CodeIgniter\CodeIgniter->run()
 7 SYSTEMPATH\Boot.php(67): CodeIgniter\Boot::runCodeIgniter(Object(CodeIgniter\CodeIgniter))
 8 FCPATH\index.php(56): CodeIgniter\Boot::bootWeb(Object(Config\Paths))
 9 SYSTEMPATH\rewrite.php(44): require_once('C:\\laragon\\www\\toko-api\\public\\index.php')
ERROR - 2025-03-06 06:24:20 --> mysqli_sql_exception: Table 'toko_api.member' doesn't exist in C:\laragon\www\toko-api\system\Database\MySQLi\Connection.php:327
Stack trace:
#0 C:\laragon\www\toko-api\system\Database\MySQLi\Connection.php(327): mysqli->query('INSERT INTO `me...', 0)
#1 C:\laragon\www\toko-api\system\Database\BaseConnection.php(738): CodeIgniter\Database\MySQLi\Connection->execute('INSERT INTO `me...')
#2 C:\laragon\www\toko-api\system\Database\BaseConnection.php(652): CodeIgniter\Database\BaseConnection->simpleQuery('INSERT INTO `me...')
#3 C:\laragon\www\toko-api\system\Database\BaseBuilder.php(2345): CodeIgniter\Database\BaseConnection->query('INSERT INTO `me...', Array, false)
#4 C:\laragon\www\toko-api\system\Model.php(394): CodeIgniter\Database\BaseBuilder->insert()
#5 C:\laragon\www\toko-api\system\BaseModel.php(839): CodeIgniter\Model->doInsert(Array)
#6 C:\laragon\www\toko-api\system\Model.php(800): CodeIgniter\BaseModel->insert(Array, false)
#7 C:\laragon\www\toko-api\system\BaseModel.php(750): CodeIgniter\Model->insert(Array, false)
#8 C:\laragon\www\toko-api\app\Controllers\RegistrasiController.php(18): CodeIgniter\BaseModel->save(Array)
#9 C:\laragon\www\toko-api\system\CodeIgniter.php(933): App\Controllers\RegistrasiController->registrasi()
#10 C:\laragon\www\toko-api\system\CodeIgniter.php(507): CodeIgniter\CodeIgniter->runController(Object(App\Controllers\RegistrasiController))
#11 C:\laragon\www\toko-api\system\CodeIgniter.php(354): CodeIgniter\CodeIgniter->handleRequest(NULL, Object(Config\Cache), false)
#12 C:\laragon\www\toko-api\system\Boot.php(334): CodeIgniter\CodeIgniter->run()
#13 C:\laragon\www\toko-api\system\Boot.php(67): CodeIgniter\Boot::runCodeIgniter(Object(CodeIgniter\CodeIgniter))
#14 C:\laragon\www\toko-api\public\index.php(56): CodeIgniter\Boot::bootWeb(Object(Config\Paths))
#15 C:\laragon\www\toko-api\system\rewrite.php(44): require_once('C:\\laragon\\www\\...')
#16 {main}
ERROR - 2025-03-06 06:25:49 --> mysqli_sql_exception: Table 'toko_api.produk' doesn't exist in C:\laragon\www\toko-api\system\Database\MySQLi\Connection.php:327
Stack trace:
#0 C:\laragon\www\toko-api\system\Database\MySQLi\Connection.php(327): mysqli->query('SELECT *\nFROM `...', 0)
#1 C:\laragon\www\toko-api\system\Database\BaseConnection.php(738): CodeIgniter\Database\MySQLi\Connection->execute('SELECT *\nFROM `...')
#2 C:\laragon\www\toko-api\system\Database\BaseConnection.php(652): CodeIgniter\Database\BaseConnection->simpleQuery('SELECT *\nFROM `...')
#3 C:\laragon\www\toko-api\system\Database\BaseBuilder.php(1649): CodeIgniter\Database\BaseConnection->query('SELECT *\nFROM `...', Array, false)
#4 C:\laragon\www\toko-api\system\Model.php(286): CodeIgniter\Database\BaseBuilder->get()
#5 C:\laragon\www\toko-api\system\BaseModel.php(675): CodeIgniter\Model->doFindAll(0, 0)
#6 C:\laragon\www\toko-api\app\Controllers\ProdukController.php(27): CodeIgniter\BaseModel->findAll()
#7 C:\laragon\www\toko-api\system\CodeIgniter.php(933): App\Controllers\ProdukController->list()
#8 C:\laragon\www\toko-api\system\CodeIgniter.php(507): CodeIgniter\CodeIgniter->runController(Object(App\Controllers\ProdukController))
#9 C:\laragon\www\toko-api\system\CodeIgniter.php(354): CodeIgniter\CodeIgniter->handleRequest(NULL, Object(Config\Cache), false)
#10 C:\laragon\www\toko-api\system\Boot.php(334): CodeIgniter\CodeIgniter->run()
#11 C:\laragon\www\toko-api\system\Boot.php(67): CodeIgniter\Boot::runCodeIgniter(Object(CodeIgniter\CodeIgniter))
#12 C:\laragon\www\toko-api\public\index.php(56): CodeIgniter\Boot::bootWeb(Object(Config\Paths))
#13 C:\laragon\www\toko-api\system\rewrite.php(44): require_once('C:\\laragon\\www\\...')
#14 {main}
CRITICAL - 2025-03-06 06:25:49 --> Error: Call to a member function getResult() on bool
[Method: GET, Route: produk]
in SYSTEMPATH\Model.php on line 287.
 1 SYSTEMPATH\BaseModel.php(675): CodeIgniter\Model->doFindAll(0, 0)
 2 APPPATH\Controllers\ProdukController.php(27): CodeIgniter\BaseModel->findAll()
 3 SYSTEMPATH\CodeIgniter.php(933): App\Controllers\ProdukController->list()
 4 SYSTEMPATH\CodeIgniter.php(507): CodeIgniter\CodeIgniter->runController(Object(App\Controllers\ProdukController))
 5 SYSTEMPATH\CodeIgniter.php(354): CodeIgniter\CodeIgniter->handleRequest(null, Object(Config\Cache), false)
 6 SYSTEMPATH\Boot.php(334): CodeIgniter\CodeIgniter->run()
 7 SYSTEMPATH\Boot.php(67): CodeIgniter\Boot::runCodeIgniter(Object(CodeIgniter\CodeIgniter))
 8 FCPATH\index.php(56): CodeIgniter\Boot::bootWeb(Object(Config\Paths))
 9 SYSTEMPATH\rewrite.php(44): require_once('C:\\laragon\\www\\toko-api\\public\\index.php')
ERROR - 2025-03-06 06:27:55 --> mysqli_sql_exception: Table 'toko_api.produk' doesn't exist in C:\laragon\www\toko-api\system\Database\MySQLi\Connection.php:327
Stack trace:
#0 C:\laragon\www\toko-api\system\Database\MySQLi\Connection.php(327): mysqli->query('SELECT *\nFROM `...', 0)
#1 C:\laragon\www\toko-api\system\Database\BaseConnection.php(738): CodeIgniter\Database\MySQLi\Connection->execute('SELECT *\nFROM `...')
#2 C:\laragon\www\toko-api\system\Database\BaseConnection.php(652): CodeIgniter\Database\BaseConnection->simpleQuery('SELECT *\nFROM `...')
#3 C:\laragon\www\toko-api\system\Database\BaseBuilder.php(1649): CodeIgniter\Database\BaseConnection->query('SELECT *\nFROM `...', Array, false)
#4 C:\laragon\www\toko-api\system\Model.php(286): CodeIgniter\Database\BaseBuilder->get()
#5 C:\laragon\www\toko-api\system\BaseModel.php(675): CodeIgniter\Model->doFindAll(0, 0)
#6 C:\laragon\www\toko-api\app\Controllers\ProdukController.php(27): CodeIgniter\BaseModel->findAll()
#7 C:\laragon\www\toko-api\system\CodeIgniter.php(933): App\Controllers\ProdukController->list()
#8 C:\laragon\www\toko-api\system\CodeIgniter.php(507): CodeIgniter\CodeIgniter->runController(Object(App\Controllers\ProdukController))
#9 C:\laragon\www\toko-api\system\CodeIgniter.php(354): CodeIgniter\CodeIgniter->handleRequest(NULL, Object(Config\Cache), false)
#10 C:\laragon\www\toko-api\system\Boot.php(334): CodeIgniter\CodeIgniter->run()
#11 C:\laragon\www\toko-api\system\Boot.php(67): CodeIgniter\Boot::runCodeIgniter(Object(CodeIgniter\CodeIgniter))
#12 C:\laragon\www\toko-api\public\index.php(56): CodeIgniter\Boot::bootWeb(Object(Config\Paths))
#13 C:\laragon\www\toko-api\system\rewrite.php(44): require_once('C:\\laragon\\www\\...')
#14 {main}
CRITICAL - 2025-03-06 06:27:55 --> Error: Call to a member function getResult() on bool
[Method: GET, Route: produk]
in SYSTEMPATH\Model.php on line 287.
 1 SYSTEMPATH\BaseModel.php(675): CodeIgniter\Model->doFindAll(0, 0)
 2 APPPATH\Controllers\ProdukController.php(27): CodeIgniter\BaseModel->findAll()
 3 SYSTEMPATH\CodeIgniter.php(933): App\Controllers\ProdukController->list()
 4 SYSTEMPATH\CodeIgniter.php(507): CodeIgniter\CodeIgniter->runController(Object(App\Controllers\ProdukController))
 5 SYSTEMPATH\CodeIgniter.php(354): CodeIgniter\CodeIgniter->handleRequest(null, Object(Config\Cache), false)
 6 SYSTEMPATH\Boot.php(334): CodeIgniter\CodeIgniter->run()
 7 SYSTEMPATH\Boot.php(67): CodeIgniter\Boot::runCodeIgniter(Object(CodeIgniter\CodeIgniter))
 8 FCPATH\index.php(56): CodeIgniter\Boot::bootWeb(Object(Config\Paths))
 9 SYSTEMPATH\rewrite.php(44): require_once('C:\\laragon\\www\\toko-api\\public\\index.php')
ERROR - 2025-03-06 06:30:44 --> mysqli_sql_exception: Table 'toko_api.member' doesn't exist in C:\laragon\www\toko-api\system\Database\MySQLi\Connection.php:327
Stack trace:
#0 C:\laragon\www\toko-api\system\Database\MySQLi\Connection.php(327): mysqli->query('SELECT *\nFROM `...', 0)
#1 C:\laragon\www\toko-api\system\Database\BaseConnection.php(738): CodeIgniter\Database\MySQLi\Connection->execute('SELECT *\nFROM `...')
#2 C:\laragon\www\toko-api\system\Database\BaseConnection.php(652): CodeIgniter\Database\BaseConnection->simpleQuery('SELECT *\nFROM `...')
#3 C:\laragon\www\toko-api\system\Database\BaseBuilder.php(1649): CodeIgniter\Database\BaseConnection->query('SELECT *\nFROM `...', Array, false)
#4 C:\laragon\www\toko-api\system\Model.php(330): CodeIgniter\Database\BaseBuilder->get()
#5 C:\laragon\www\toko-api\system\BaseModel.php(713): CodeIgniter\Model->doFirst()
#6 C:\laragon\www\toko-api\app\Controllers\LoginController.php(16): CodeIgniter\BaseModel->first()
#7 C:\laragon\www\toko-api\system\CodeIgniter.php(933): App\Controllers\LoginController->login()
#8 C:\laragon\www\toko-api\system\CodeIgniter.php(507): CodeIgniter\CodeIgniter->runController(Object(App\Controllers\LoginController))
#9 C:\laragon\www\toko-api\system\CodeIgniter.php(354): CodeIgniter\CodeIgniter->handleRequest(NULL, Object(Config\Cache), false)
#10 C:\laragon\www\toko-api\system\Boot.php(334): CodeIgniter\CodeIgniter->run()
#11 C:\laragon\www\toko-api\system\Boot.php(67): CodeIgniter\Boot::runCodeIgniter(Object(CodeIgniter\CodeIgniter))
#12 C:\laragon\www\toko-api\public\index.php(56): CodeIgniter\Boot::bootWeb(Object(Config\Paths))
#13 C:\laragon\www\toko-api\system\rewrite.php(44): require_once('C:\\laragon\\www\\...')
#14 {main}
CRITICAL - 2025-03-06 06:30:44 --> Error: Call to a member function getFirstRow() on bool
[Method: POST, Route: login]
in SYSTEMPATH\Model.php on line 330.
 1 SYSTEMPATH\BaseModel.php(713): CodeIgniter\Model->doFirst()
 2 APPPATH\Controllers\LoginController.php(16): CodeIgniter\BaseModel->first()
 3 SYSTEMPATH\CodeIgniter.php(933): App\Controllers\LoginController->login()
 4 SYSTEMPATH\CodeIgniter.php(507): CodeIgniter\CodeIgniter->runController(Object(App\Controllers\LoginController))
 5 SYSTEMPATH\CodeIgniter.php(354): CodeIgniter\CodeIgniter->handleRequest(null, Object(Config\Cache), false)
 6 SYSTEMPATH\Boot.php(334): CodeIgniter\CodeIgniter->run()
 7 SYSTEMPATH\Boot.php(67): CodeIgniter\Boot::runCodeIgniter(Object(CodeIgniter\CodeIgniter))
 8 FCPATH\index.php(56): CodeIgniter\Boot::bootWeb(Object(Config\Paths))
 9 SYSTEMPATH\rewrite.php(44): require_once('C:\\laragon\\www\\toko-api\\public\\index.php')
ERROR - 2025-03-06 07:11:40 --> Email tidak ditemukan di database: 
ERROR - 2025-03-06 07:12:16 --> Email tidak ditemukan di database: 
ERROR - 2025-03-06 07:16:15 --> Email tidak ditemukan di database: 
ERROR - 2025-03-06 07:17:53 --> Email tidak ditemukan di database: 
ERROR - 2025-03-06 07:17:55 --> Email tidak ditemukan di database: 
ERROR - 2025-03-06 07:18:15 --> Email tidak ditemukan di database: 
ERROR - 2025-03-06 07:18:16 --> Email tidak ditemukan di database: 
ERROR - 2025-03-06 07:18:27 --> Email tidak ditemukan di database: 
ERROR - 2025-03-06 07:21:12 --> Email tidak ditemukan di database: 
ERROR - 2025-03-06 07:26:53 --> Email tidak ditemukan di database: 
ERROR - 2025-03-06 07:26:55 --> Email tidak ditemukan di database: 
ERROR - 2025-03-06 07:26:56 --> Email tidak ditemukan di database: 
ERROR - 2025-03-06 07:28:15 --> Email tidak ditemukan di database: 
ERROR - 2025-03-06 07:30:06 --> mysqli_sql_exception: Column 'kode_produk' cannot be null in C:\laragon\www\toko-api\system\Database\MySQLi\Connection.php:327
Stack trace:
#0 C:\laragon\www\toko-api\system\Database\MySQLi\Connection.php(327): mysqli->query('INSERT INTO `pr...', 0)
#1 C:\laragon\www\toko-api\system\Database\BaseConnection.php(738): CodeIgniter\Database\MySQLi\Connection->execute('INSERT INTO `pr...')
#2 C:\laragon\www\toko-api\system\Database\BaseConnection.php(652): CodeIgniter\Database\BaseConnection->simpleQuery('INSERT INTO `pr...')
#3 C:\laragon\www\toko-api\system\Database\BaseBuilder.php(2345): CodeIgniter\Database\BaseConnection->query('INSERT INTO `pr...', Array, false)
#4 C:\laragon\www\toko-api\system\Model.php(394): CodeIgniter\Database\BaseBuilder->insert()
#5 C:\laragon\www\toko-api\system\BaseModel.php(839): CodeIgniter\Model->doInsert(Array)
#6 C:\laragon\www\toko-api\system\Model.php(800): CodeIgniter\BaseModel->insert(Array, true)
#7 C:\laragon\www\toko-api\app\Controllers\ProdukController.php(18): CodeIgniter\Model->insert(Array)
#8 C:\laragon\www\toko-api\system\CodeIgniter.php(933): App\Controllers\ProdukController->create()
#9 C:\laragon\www\toko-api\system\CodeIgniter.php(507): CodeIgniter\CodeIgniter->runController(Object(App\Controllers\ProdukController))
#10 C:\laragon\www\toko-api\system\CodeIgniter.php(354): CodeIgniter\CodeIgniter->handleRequest(NULL, Object(Config\Cache), false)
#11 C:\laragon\www\toko-api\system\Boot.php(334): CodeIgniter\CodeIgniter->run()
#12 C:\laragon\www\toko-api\system\Boot.php(67): CodeIgniter\Boot::runCodeIgniter(Object(CodeIgniter\CodeIgniter))
#13 C:\laragon\www\toko-api\public\index.php(56): CodeIgniter\Boot::bootWeb(Object(Config\Paths))
#14 C:\laragon\www\toko-api\system\rewrite.php(44): require_once('C:\\laragon\\www\\...')
#15 {main}
ERROR - 2025-03-06 07:30:08 --> mysqli_sql_exception: Column 'kode_produk' cannot be null in C:\laragon\www\toko-api\system\Database\MySQLi\Connection.php:327
Stack trace:
#0 C:\laragon\www\toko-api\system\Database\MySQLi\Connection.php(327): mysqli->query('INSERT INTO `pr...', 0)
#1 C:\laragon\www\toko-api\system\Database\BaseConnection.php(738): CodeIgniter\Database\MySQLi\Connection->execute('INSERT INTO `pr...')
#2 C:\laragon\www\toko-api\system\Database\BaseConnection.php(652): CodeIgniter\Database\BaseConnection->simpleQuery('INSERT INTO `pr...')
#3 C:\laragon\www\toko-api\system\Database\BaseBuilder.php(2345): CodeIgniter\Database\BaseConnection->query('INSERT INTO `pr...', Array, false)
#4 C:\laragon\www\toko-api\system\Model.php(394): CodeIgniter\Database\BaseBuilder->insert()
#5 C:\laragon\www\toko-api\system\BaseModel.php(839): CodeIgniter\Model->doInsert(Array)
#6 C:\laragon\www\toko-api\system\Model.php(800): CodeIgniter\BaseModel->insert(Array, true)
#7 C:\laragon\www\toko-api\app\Controllers\ProdukController.php(18): CodeIgniter\Model->insert(Array)
#8 C:\laragon\www\toko-api\system\CodeIgniter.php(933): App\Controllers\ProdukController->create()
#9 C:\laragon\www\toko-api\system\CodeIgniter.php(507): CodeIgniter\CodeIgniter->runController(Object(App\Controllers\ProdukController))
#10 C:\laragon\www\toko-api\system\CodeIgniter.php(354): CodeIgniter\CodeIgniter->handleRequest(NULL, Object(Config\Cache), false)
#11 C:\laragon\www\toko-api\system\Boot.php(334): CodeIgniter\CodeIgniter->run()
#12 C:\laragon\www\toko-api\system\Boot.php(67): CodeIgniter\Boot::runCodeIgniter(Object(CodeIgniter\CodeIgniter))
#13 C:\laragon\www\toko-api\public\index.php(56): CodeIgniter\Boot::bootWeb(Object(Config\Paths))
#14 C:\laragon\www\toko-api\system\rewrite.php(44): require_once('C:\\laragon\\www\\...')
#15 {main}
ERROR - 2025-03-06 07:30:14 --> mysqli_sql_exception: Column 'kode_produk' cannot be null in C:\laragon\www\toko-api\system\Database\MySQLi\Connection.php:327
Stack trace:
#0 C:\laragon\www\toko-api\system\Database\MySQLi\Connection.php(327): mysqli->query('INSERT INTO `pr...', 0)
#1 C:\laragon\www\toko-api\system\Database\BaseConnection.php(738): CodeIgniter\Database\MySQLi\Connection->execute('INSERT INTO `pr...')
#2 C:\laragon\www\toko-api\system\Database\BaseConnection.php(652): CodeIgniter\Database\BaseConnection->simpleQuery('INSERT INTO `pr...')
#3 C:\laragon\www\toko-api\system\Database\BaseBuilder.php(2345): CodeIgniter\Database\BaseConnection->query('INSERT INTO `pr...', Array, false)
#4 C:\laragon\www\toko-api\system\Model.php(394): CodeIgniter\Database\BaseBuilder->insert()
#5 C:\laragon\www\toko-api\system\BaseModel.php(839): CodeIgniter\Model->doInsert(Array)
#6 C:\laragon\www\toko-api\system\Model.php(800): CodeIgniter\BaseModel->insert(Array, true)
#7 C:\laragon\www\toko-api\app\Controllers\ProdukController.php(18): CodeIgniter\Model->insert(Array)
#8 C:\laragon\www\toko-api\system\CodeIgniter.php(933): App\Controllers\ProdukController->create()
#9 C:\laragon\www\toko-api\system\CodeIgniter.php(507): CodeIgniter\CodeIgniter->runController(Object(App\Controllers\ProdukController))
#10 C:\laragon\www\toko-api\system\CodeIgniter.php(354): CodeIgniter\CodeIgniter->handleRequest(NULL, Object(Config\Cache), false)
#11 C:\laragon\www\toko-api\system\Boot.php(334): CodeIgniter\CodeIgniter->run()
#12 C:\laragon\www\toko-api\system\Boot.php(67): CodeIgniter\Boot::runCodeIgniter(Object(CodeIgniter\CodeIgniter))
#13 C:\laragon\www\toko-api\public\index.php(56): CodeIgniter\Boot::bootWeb(Object(Config\Paths))
#14 C:\laragon\www\toko-api\system\rewrite.php(44): require_once('C:\\laragon\\www\\...')
#15 {main}
ERROR - 2025-03-06 07:37:39 --> mysqli_sql_exception: Column 'kode_produk' cannot be null in C:\laragon\www\toko-api\system\Database\MySQLi\Connection.php:327
Stack trace:
#0 C:\laragon\www\toko-api\system\Database\MySQLi\Connection.php(327): mysqli->query('INSERT INTO `pr...', 0)
#1 C:\laragon\www\toko-api\system\Database\BaseConnection.php(738): CodeIgniter\Database\MySQLi\Connection->execute('INSERT INTO `pr...')
#2 C:\laragon\www\toko-api\system\Database\BaseConnection.php(652): CodeIgniter\Database\BaseConnection->simpleQuery('INSERT INTO `pr...')
#3 C:\laragon\www\toko-api\system\Database\BaseBuilder.php(2345): CodeIgniter\Database\BaseConnection->query('INSERT INTO `pr...', Array, false)
#4 C:\laragon\www\toko-api\system\Model.php(394): CodeIgniter\Database\BaseBuilder->insert()
#5 C:\laragon\www\toko-api\system\BaseModel.php(839): CodeIgniter\Model->doInsert(Array)
#6 C:\laragon\www\toko-api\system\Model.php(800): CodeIgniter\BaseModel->insert(Array, true)
#7 C:\laragon\www\toko-api\app\Controllers\ProdukController.php(18): CodeIgniter\Model->insert(Array)
#8 C:\laragon\www\toko-api\system\CodeIgniter.php(933): App\Controllers\ProdukController->create()
#9 C:\laragon\www\toko-api\system\CodeIgniter.php(507): CodeIgniter\CodeIgniter->runController(Object(App\Controllers\ProdukController))
#10 C:\laragon\www\toko-api\system\CodeIgniter.php(354): CodeIgniter\CodeIgniter->handleRequest(NULL, Object(Config\Cache), false)
#11 C:\laragon\www\toko-api\system\Boot.php(334): CodeIgniter\CodeIgniter->run()
#12 C:\laragon\www\toko-api\system\Boot.php(67): CodeIgniter\Boot::runCodeIgniter(Object(CodeIgniter\CodeIgniter))
#13 C:\laragon\www\toko-api\public\index.php(56): CodeIgniter\Boot::bootWeb(Object(Config\Paths))
#14 C:\laragon\www\toko-api\system\rewrite.php(44): require_once('C:\\laragon\\www\\...')
#15 {main}
