ERROR - 2025-03-05 05:37:23 --> Error connecting to the database: mysqli_sql_exception: Unknown database 'toko_api' in C:\laragon\www\toko-api\system\Database\MySQLi\Connection.php:202
Stack trace:
#0 C:\laragon\www\toko-api\system\Database\MySQLi\Connection.php(202): mysqli->real_connect('localhost', 'root', '', 'toko_api', 3306, '', 0)
#1 C:\laragon\www\toko-api\system\Database\BaseConnection.php(421): CodeIgniter\Database\MySQLi\Connection->connect(false)
#2 C:\laragon\www\toko-api\system\Database\BaseConnection.php(620): CodeIgniter\Database\BaseConnection->initialize()
#3 C:\laragon\www\toko-api\system\Database\BaseBuilder.php(1649): CodeIgniter\Database\BaseConnection->query('SELECT *\nFROM `...', Array, false)
#4 C:\laragon\www\toko-api\system\Model.php(330): CodeIgniter\Database\BaseBuilder->get()
#5 C:\laragon\www\toko-api\system\BaseModel.php(713): CodeIgniter\Model->doFirst()
#6 C:\laragon\www\toko-api\app\Controllers\LoginController.php(16): CodeIgniter\BaseModel->first()
#7 C:\laragon\www\toko-api\system\CodeIgniter.php(933): App\Controllers\LoginController->login()
#8 C:\laragon\www\toko-api\system\CodeIgniter.php(507): CodeIgniter\CodeIgniter->runController(Object(App\Controllers\LoginController))
#9 C:\laragon\www\toko-api\system\CodeIgniter.php(354): CodeIgniter\CodeIgniter->handleRequest(NULL, Object(Config\Cache), false)
#10 C:\laragon\www\toko-api\system\Boot.php(334): CodeIgniter\CodeIgniter->run()
#11 C:\laragon\www\toko-api\system\Boot.php(67): CodeIgniter\Boot::runCodeIgniter(Object(CodeIgniter\CodeIgniter))
#12 C:\laragon\www\toko-api\public\index.php(56): CodeIgniter\Boot::bootWeb(Object(Config\Paths))
#13 {main}

Next CodeIgniter\Database\Exceptions\DatabaseException: Unknown database 'toko_api' in C:\laragon\www\toko-api\system\Database\MySQLi\Connection.php:246
Stack trace:
#0 C:\laragon\www\toko-api\system\Database\BaseConnection.php(421): CodeIgniter\Database\MySQLi\Connection->connect(false)
#1 C:\laragon\www\toko-api\system\Database\BaseConnection.php(620): CodeIgniter\Database\BaseConnection->initialize()
#2 C:\laragon\www\toko-api\system\Database\BaseBuilder.php(1649): CodeIgniter\Database\BaseConnection->query('SELECT *\nFROM `...', Array, false)
#3 C:\laragon\www\toko-api\system\Model.php(330): CodeIgniter\Database\BaseBuilder->get()
#4 C:\laragon\www\toko-api\system\BaseModel.php(713): CodeIgniter\Model->doFirst()
#5 C:\laragon\www\toko-api\app\Controllers\LoginController.php(16): CodeIgniter\BaseModel->first()
#6 C:\laragon\www\toko-api\system\CodeIgniter.php(933): App\Controllers\LoginController->login()
#7 C:\laragon\www\toko-api\system\CodeIgniter.php(507): CodeIgniter\CodeIgniter->runController(Object(App\Controllers\LoginController))
#8 C:\laragon\www\toko-api\system\CodeIgniter.php(354): CodeIgniter\CodeIgniter->handleRequest(NULL, Object(Config\Cache), false)
#9 C:\laragon\www\toko-api\system\Boot.php(334): CodeIgniter\CodeIgniter->run()
#10 C:\laragon\www\toko-api\system\Boot.php(67): CodeIgniter\Boot::runCodeIgniter(Object(CodeIgniter\CodeIgniter))
#11 C:\laragon\www\toko-api\public\index.php(56): CodeIgniter\Boot::bootWeb(Object(Config\Paths))
#12 {main}
CRITICAL - 2025-03-05 05:37:23 --> CodeIgniter\Database\Exceptions\DatabaseException: Unable to connect to the database.
Main connection [MySQLi]: Unknown database 'toko_api'
[Method: POST, Route: login]
in SYSTEMPATH\Database\BaseConnection.php on line 467.
 1 SYSTEMPATH\Database\BaseConnection.php(620): CodeIgniter\Database\BaseConnection->initialize()
 2 SYSTEMPATH\Database\BaseBuilder.php(1649): CodeIgniter\Database\BaseConnection->query('SELECT *
FROM `member`
WHERE `email` IS NULL
 LIMIT 1', [], false)
 3 SYSTEMPATH\Model.php(330): CodeIgniter\Database\BaseBuilder->get()
 4 SYSTEMPATH\BaseModel.php(713): CodeIgniter\Model->doFirst()
 5 APPPATH\Controllers\LoginController.php(16): CodeIgniter\BaseModel->first()
 6 SYSTEMPATH\CodeIgniter.php(933): App\Controllers\LoginController->login()
 7 SYSTEMPATH\CodeIgniter.php(507): CodeIgniter\CodeIgniter->runController(Object(App\Controllers\LoginController))
 8 SYSTEMPATH\CodeIgniter.php(354): CodeIgniter\CodeIgniter->handleRequest(null, Object(Config\Cache), false)
 9 SYSTEMPATH\Boot.php(334): CodeIgniter\CodeIgniter->run()
10 SYSTEMPATH\Boot.php(67): CodeIgniter\Boot::runCodeIgniter(Object(CodeIgniter\CodeIgniter))
11 FCPATH\index.php(56): CodeIgniter\Boot::bootWeb(Object(Config\Paths))
ERROR - 2025-03-05 05:37:51 --> Error connecting to the database: mysqli_sql_exception: Unknown database 'toko_api' in C:\laragon\www\toko-api\system\Database\MySQLi\Connection.php:202
Stack trace:
#0 C:\laragon\www\toko-api\system\Database\MySQLi\Connection.php(202): mysqli->real_connect('localhost', 'root', '', 'toko_api', 3306, '', 0)
#1 C:\laragon\www\toko-api\system\Database\BaseConnection.php(421): CodeIgniter\Database\MySQLi\Connection->connect(false)
#2 C:\laragon\www\toko-api\system\Database\BaseConnection.php(620): CodeIgniter\Database\BaseConnection->initialize()
#3 C:\laragon\www\toko-api\system\Database\BaseBuilder.php(2345): CodeIgniter\Database\BaseConnection->query('INSERT INTO `me...', Array, false)
#4 C:\laragon\www\toko-api\system\Model.php(394): CodeIgniter\Database\BaseBuilder->insert()
#5 C:\laragon\www\toko-api\system\BaseModel.php(839): CodeIgniter\Model->doInsert(Array)
#6 C:\laragon\www\toko-api\system\Model.php(800): CodeIgniter\BaseModel->insert(Array, false)
#7 C:\laragon\www\toko-api\system\BaseModel.php(750): CodeIgniter\Model->insert(Array, false)
#8 C:\laragon\www\toko-api\app\Controllers\RegistrasiController.php(18): CodeIgniter\BaseModel->save(Array)
#9 C:\laragon\www\toko-api\system\CodeIgniter.php(933): App\Controllers\RegistrasiController->registrasi()
#10 C:\laragon\www\toko-api\system\CodeIgniter.php(507): CodeIgniter\CodeIgniter->runController(Object(App\Controllers\RegistrasiController))
#11 C:\laragon\www\toko-api\system\CodeIgniter.php(354): CodeIgniter\CodeIgniter->handleRequest(NULL, Object(Config\Cache), false)
#12 C:\laragon\www\toko-api\system\Boot.php(334): CodeIgniter\CodeIgniter->run()
#13 C:\laragon\www\toko-api\system\Boot.php(67): CodeIgniter\Boot::runCodeIgniter(Object(CodeIgniter\CodeIgniter))
#14 C:\laragon\www\toko-api\public\index.php(56): CodeIgniter\Boot::bootWeb(Object(Config\Paths))
#15 {main}

Next CodeIgniter\Database\Exceptions\DatabaseException: Unknown database 'toko_api' in C:\laragon\www\toko-api\system\Database\MySQLi\Connection.php:246
Stack trace:
#0 C:\laragon\www\toko-api\system\Database\BaseConnection.php(421): CodeIgniter\Database\MySQLi\Connection->connect(false)
#1 C:\laragon\www\toko-api\system\Database\BaseConnection.php(620): CodeIgniter\Database\BaseConnection->initialize()
#2 C:\laragon\www\toko-api\system\Database\BaseBuilder.php(2345): CodeIgniter\Database\BaseConnection->query('INSERT INTO `me...', Array, false)
#3 C:\laragon\www\toko-api\system\Model.php(394): CodeIgniter\Database\BaseBuilder->insert()
#4 C:\laragon\www\toko-api\system\BaseModel.php(839): CodeIgniter\Model->doInsert(Array)
#5 C:\laragon\www\toko-api\system\Model.php(800): CodeIgniter\BaseModel->insert(Array, false)
#6 C:\laragon\www\toko-api\system\BaseModel.php(750): CodeIgniter\Model->insert(Array, false)
#7 C:\laragon\www\toko-api\app\Controllers\RegistrasiController.php(18): CodeIgniter\BaseModel->save(Array)
#8 C:\laragon\www\toko-api\system\CodeIgniter.php(933): App\Controllers\RegistrasiController->registrasi()
#9 C:\laragon\www\toko-api\system\CodeIgniter.php(507): CodeIgniter\CodeIgniter->runController(Object(App\Controllers\RegistrasiController))
#10 C:\laragon\www\toko-api\system\CodeIgniter.php(354): CodeIgniter\CodeIgniter->handleRequest(NULL, Object(Config\Cache), false)
#11 C:\laragon\www\toko-api\system\Boot.php(334): CodeIgniter\CodeIgniter->run()
#12 C:\laragon\www\toko-api\system\Boot.php(67): CodeIgniter\Boot::runCodeIgniter(Object(CodeIgniter\CodeIgniter))
#13 C:\laragon\www\toko-api\public\index.php(56): CodeIgniter\Boot::bootWeb(Object(Config\Paths))
#14 {main}
CRITICAL - 2025-03-05 05:37:51 --> CodeIgniter\Database\Exceptions\DatabaseException: Unable to connect to the database.
Main connection [MySQLi]: Unknown database 'toko_api'
[Method: POST, Route: registrasi]
in SYSTEMPATH\Database\BaseConnection.php on line 467.
 1 SYSTEMPATH\Database\BaseConnection.php(620): CodeIgniter\Database\BaseConnection->initialize()
 2 SYSTEMPATH\Database\BaseBuilder.php(2345): CodeIgniter\Database\BaseConnection->query('INSERT INTO `member` (`nama`, `email`, `password`) VALUES (:nama:, :email:, :password:)', [...], false)
 3 SYSTEMPATH\Model.php(394): CodeIgniter\Database\BaseBuilder->insert()
 4 SYSTEMPATH\BaseModel.php(839): CodeIgniter\Model->doInsert([...])
 5 SYSTEMPATH\Model.php(800): CodeIgniter\BaseModel->insert([...], false)
 6 SYSTEMPATH\BaseModel.php(750): CodeIgniter\Model->insert([...], false)
 7 APPPATH\Controllers\RegistrasiController.php(18): CodeIgniter\BaseModel->save([...])
 8 SYSTEMPATH\CodeIgniter.php(933): App\Controllers\RegistrasiController->registrasi()
 9 SYSTEMPATH\CodeIgniter.php(507): CodeIgniter\CodeIgniter->runController(Object(App\Controllers\RegistrasiController))
10 SYSTEMPATH\CodeIgniter.php(354): CodeIgniter\CodeIgniter->handleRequest(null, Object(Config\Cache), false)
11 SYSTEMPATH\Boot.php(334): CodeIgniter\CodeIgniter->run()
12 SYSTEMPATH\Boot.php(67): CodeIgniter\Boot::runCodeIgniter(Object(CodeIgniter\CodeIgniter))
13 FCPATH\index.php(56): CodeIgniter\Boot::bootWeb(Object(Config\Paths))
ERROR - 2025-03-05 05:39:51 --> Error connecting to the database: mysqli_sql_exception: Unknown database 'toko_api' in C:\laragon\www\toko-api\system\Database\MySQLi\Connection.php:202
Stack trace:
#0 C:\laragon\www\toko-api\system\Database\MySQLi\Connection.php(202): mysqli->real_connect('localhost', 'root', '', 'toko_api', 3306, '', 0)
#1 C:\laragon\www\toko-api\system\Database\BaseConnection.php(421): CodeIgniter\Database\MySQLi\Connection->connect(false)
#2 C:\laragon\www\toko-api\system\Database\BaseConnection.php(620): CodeIgniter\Database\BaseConnection->initialize()
#3 C:\laragon\www\toko-api\system\Database\BaseBuilder.php(2345): CodeIgniter\Database\BaseConnection->query('INSERT INTO `me...', Array, false)
#4 C:\laragon\www\toko-api\system\Model.php(394): CodeIgniter\Database\BaseBuilder->insert()
#5 C:\laragon\www\toko-api\system\BaseModel.php(839): CodeIgniter\Model->doInsert(Array)
#6 C:\laragon\www\toko-api\system\Model.php(800): CodeIgniter\BaseModel->insert(Array, false)
#7 C:\laragon\www\toko-api\system\BaseModel.php(750): CodeIgniter\Model->insert(Array, false)
#8 C:\laragon\www\toko-api\app\Controllers\RegistrasiController.php(18): CodeIgniter\BaseModel->save(Array)
#9 C:\laragon\www\toko-api\system\CodeIgniter.php(933): App\Controllers\RegistrasiController->registrasi()
#10 C:\laragon\www\toko-api\system\CodeIgniter.php(507): CodeIgniter\CodeIgniter->runController(Object(App\Controllers\RegistrasiController))
#11 C:\laragon\www\toko-api\system\CodeIgniter.php(354): CodeIgniter\CodeIgniter->handleRequest(NULL, Object(Config\Cache), false)
#12 C:\laragon\www\toko-api\system\Boot.php(334): CodeIgniter\CodeIgniter->run()
#13 C:\laragon\www\toko-api\system\Boot.php(67): CodeIgniter\Boot::runCodeIgniter(Object(CodeIgniter\CodeIgniter))
#14 C:\laragon\www\toko-api\public\index.php(56): CodeIgniter\Boot::bootWeb(Object(Config\Paths))
#15 {main}

Next CodeIgniter\Database\Exceptions\DatabaseException: Unknown database 'toko_api' in C:\laragon\www\toko-api\system\Database\MySQLi\Connection.php:246
Stack trace:
#0 C:\laragon\www\toko-api\system\Database\BaseConnection.php(421): CodeIgniter\Database\MySQLi\Connection->connect(false)
#1 C:\laragon\www\toko-api\system\Database\BaseConnection.php(620): CodeIgniter\Database\BaseConnection->initialize()
#2 C:\laragon\www\toko-api\system\Database\BaseBuilder.php(2345): CodeIgniter\Database\BaseConnection->query('INSERT INTO `me...', Array, false)
#3 C:\laragon\www\toko-api\system\Model.php(394): CodeIgniter\Database\BaseBuilder->insert()
#4 C:\laragon\www\toko-api\system\BaseModel.php(839): CodeIgniter\Model->doInsert(Array)
#5 C:\laragon\www\toko-api\system\Model.php(800): CodeIgniter\BaseModel->insert(Array, false)
#6 C:\laragon\www\toko-api\system\BaseModel.php(750): CodeIgniter\Model->insert(Array, false)
#7 C:\laragon\www\toko-api\app\Controllers\RegistrasiController.php(18): CodeIgniter\BaseModel->save(Array)
#8 C:\laragon\www\toko-api\system\CodeIgniter.php(933): App\Controllers\RegistrasiController->registrasi()
#9 C:\laragon\www\toko-api\system\CodeIgniter.php(507): CodeIgniter\CodeIgniter->runController(Object(App\Controllers\RegistrasiController))
#10 C:\laragon\www\toko-api\system\CodeIgniter.php(354): CodeIgniter\CodeIgniter->handleRequest(NULL, Object(Config\Cache), false)
#11 C:\laragon\www\toko-api\system\Boot.php(334): CodeIgniter\CodeIgniter->run()
#12 C:\laragon\www\toko-api\system\Boot.php(67): CodeIgniter\Boot::runCodeIgniter(Object(CodeIgniter\CodeIgniter))
#13 C:\laragon\www\toko-api\public\index.php(56): CodeIgniter\Boot::bootWeb(Object(Config\Paths))
#14 {main}
CRITICAL - 2025-03-05 05:39:51 --> CodeIgniter\Database\Exceptions\DatabaseException: Unable to connect to the database.
Main connection [MySQLi]: Unknown database 'toko_api'
[Method: POST, Route: registrasi]
in SYSTEMPATH\Database\BaseConnection.php on line 467.
 1 SYSTEMPATH\Database\BaseConnection.php(620): CodeIgniter\Database\BaseConnection->initialize()
 2 SYSTEMPATH\Database\BaseBuilder.php(2345): CodeIgniter\Database\BaseConnection->query('INSERT INTO `member` (`nama`, `email`, `password`) VALUES (:nama:, :email:, :password:)', [...], false)
 3 SYSTEMPATH\Model.php(394): CodeIgniter\Database\BaseBuilder->insert()
 4 SYSTEMPATH\BaseModel.php(839): CodeIgniter\Model->doInsert([...])
 5 SYSTEMPATH\Model.php(800): CodeIgniter\BaseModel->insert([...], false)
 6 SYSTEMPATH\BaseModel.php(750): CodeIgniter\Model->insert([...], false)
 7 APPPATH\Controllers\RegistrasiController.php(18): CodeIgniter\BaseModel->save([...])
 8 SYSTEMPATH\CodeIgniter.php(933): App\Controllers\RegistrasiController->registrasi()
 9 SYSTEMPATH\CodeIgniter.php(507): CodeIgniter\CodeIgniter->runController(Object(App\Controllers\RegistrasiController))
10 SYSTEMPATH\CodeIgniter.php(354): CodeIgniter\CodeIgniter->handleRequest(null, Object(Config\Cache), false)
11 SYSTEMPATH\Boot.php(334): CodeIgniter\CodeIgniter->run()
12 SYSTEMPATH\Boot.php(67): CodeIgniter\Boot::runCodeIgniter(Object(CodeIgniter\CodeIgniter))
13 FCPATH\index.php(56): CodeIgniter\Boot::bootWeb(Object(Config\Paths))
ERROR - 2025-03-05 05:40:08 --> Error connecting to the database: mysqli_sql_exception: Unknown database 'toko_api' in C:\laragon\www\toko-api\system\Database\MySQLi\Connection.php:202
Stack trace:
#0 C:\laragon\www\toko-api\system\Database\MySQLi\Connection.php(202): mysqli->real_connect('localhost', 'root', '', 'toko_api', 3306, '', 0)
#1 C:\laragon\www\toko-api\system\Database\BaseConnection.php(421): CodeIgniter\Database\MySQLi\Connection->connect(false)
#2 C:\laragon\www\toko-api\system\Database\BaseConnection.php(620): CodeIgniter\Database\BaseConnection->initialize()
#3 C:\laragon\www\toko-api\system\Database\BaseBuilder.php(2345): CodeIgniter\Database\BaseConnection->query('INSERT INTO `me...', Array, false)
#4 C:\laragon\www\toko-api\system\Model.php(394): CodeIgniter\Database\BaseBuilder->insert()
#5 C:\laragon\www\toko-api\system\BaseModel.php(839): CodeIgniter\Model->doInsert(Array)
#6 C:\laragon\www\toko-api\system\Model.php(800): CodeIgniter\BaseModel->insert(Array, false)
#7 C:\laragon\www\toko-api\system\BaseModel.php(750): CodeIgniter\Model->insert(Array, false)
#8 C:\laragon\www\toko-api\app\Controllers\RegistrasiController.php(18): CodeIgniter\BaseModel->save(Array)
#9 C:\laragon\www\toko-api\system\CodeIgniter.php(933): App\Controllers\RegistrasiController->registrasi()
#10 C:\laragon\www\toko-api\system\CodeIgniter.php(507): CodeIgniter\CodeIgniter->runController(Object(App\Controllers\RegistrasiController))
#11 C:\laragon\www\toko-api\system\CodeIgniter.php(354): CodeIgniter\CodeIgniter->handleRequest(NULL, Object(Config\Cache), false)
#12 C:\laragon\www\toko-api\system\Boot.php(334): CodeIgniter\CodeIgniter->run()
#13 C:\laragon\www\toko-api\system\Boot.php(67): CodeIgniter\Boot::runCodeIgniter(Object(CodeIgniter\CodeIgniter))
#14 C:\laragon\www\toko-api\public\index.php(56): CodeIgniter\Boot::bootWeb(Object(Config\Paths))
#15 {main}

Next CodeIgniter\Database\Exceptions\DatabaseException: Unknown database 'toko_api' in C:\laragon\www\toko-api\system\Database\MySQLi\Connection.php:246
Stack trace:
#0 C:\laragon\www\toko-api\system\Database\BaseConnection.php(421): CodeIgniter\Database\MySQLi\Connection->connect(false)
#1 C:\laragon\www\toko-api\system\Database\BaseConnection.php(620): CodeIgniter\Database\BaseConnection->initialize()
#2 C:\laragon\www\toko-api\system\Database\BaseBuilder.php(2345): CodeIgniter\Database\BaseConnection->query('INSERT INTO `me...', Array, false)
#3 C:\laragon\www\toko-api\system\Model.php(394): CodeIgniter\Database\BaseBuilder->insert()
#4 C:\laragon\www\toko-api\system\BaseModel.php(839): CodeIgniter\Model->doInsert(Array)
#5 C:\laragon\www\toko-api\system\Model.php(800): CodeIgniter\BaseModel->insert(Array, false)
#6 C:\laragon\www\toko-api\system\BaseModel.php(750): CodeIgniter\Model->insert(Array, false)
#7 C:\laragon\www\toko-api\app\Controllers\RegistrasiController.php(18): CodeIgniter\BaseModel->save(Array)
#8 C:\laragon\www\toko-api\system\CodeIgniter.php(933): App\Controllers\RegistrasiController->registrasi()
#9 C:\laragon\www\toko-api\system\CodeIgniter.php(507): CodeIgniter\CodeIgniter->runController(Object(App\Controllers\RegistrasiController))
#10 C:\laragon\www\toko-api\system\CodeIgniter.php(354): CodeIgniter\CodeIgniter->handleRequest(NULL, Object(Config\Cache), false)
#11 C:\laragon\www\toko-api\system\Boot.php(334): CodeIgniter\CodeIgniter->run()
#12 C:\laragon\www\toko-api\system\Boot.php(67): CodeIgniter\Boot::runCodeIgniter(Object(CodeIgniter\CodeIgniter))
#13 C:\laragon\www\toko-api\public\index.php(56): CodeIgniter\Boot::bootWeb(Object(Config\Paths))
#14 {main}
CRITICAL - 2025-03-05 05:40:08 --> CodeIgniter\Database\Exceptions\DatabaseException: Unable to connect to the database.
Main connection [MySQLi]: Unknown database 'toko_api'
[Method: POST, Route: registrasi]
in SYSTEMPATH\Database\BaseConnection.php on line 467.
 1 SYSTEMPATH\Database\BaseConnection.php(620): CodeIgniter\Database\BaseConnection->initialize()
 2 SYSTEMPATH\Database\BaseBuilder.php(2345): CodeIgniter\Database\BaseConnection->query('INSERT INTO `member` (`nama`, `email`, `password`) VALUES (:nama:, :email:, :password:)', [...], false)
 3 SYSTEMPATH\Model.php(394): CodeIgniter\Database\BaseBuilder->insert()
 4 SYSTEMPATH\BaseModel.php(839): CodeIgniter\Model->doInsert([...])
 5 SYSTEMPATH\Model.php(800): CodeIgniter\BaseModel->insert([...], false)
 6 SYSTEMPATH\BaseModel.php(750): CodeIgniter\Model->insert([...], false)
 7 APPPATH\Controllers\RegistrasiController.php(18): CodeIgniter\BaseModel->save([...])
 8 SYSTEMPATH\CodeIgniter.php(933): App\Controllers\RegistrasiController->registrasi()
 9 SYSTEMPATH\CodeIgniter.php(507): CodeIgniter\CodeIgniter->runController(Object(App\Controllers\RegistrasiController))
10 SYSTEMPATH\CodeIgniter.php(354): CodeIgniter\CodeIgniter->handleRequest(null, Object(Config\Cache), false)
11 SYSTEMPATH\Boot.php(334): CodeIgniter\CodeIgniter->run()
12 SYSTEMPATH\Boot.php(67): CodeIgniter\Boot::runCodeIgniter(Object(CodeIgniter\CodeIgniter))
13 FCPATH\index.php(56): CodeIgniter\Boot::bootWeb(Object(Config\Paths))
ERROR - 2025-03-05 05:40:15 --> Error connecting to the database: mysqli_sql_exception: Unknown database 'toko_api' in C:\laragon\www\toko-api\system\Database\MySQLi\Connection.php:202
Stack trace:
#0 C:\laragon\www\toko-api\system\Database\MySQLi\Connection.php(202): mysqli->real_connect('localhost', 'root', '', 'toko_api', 3306, '', 0)
#1 C:\laragon\www\toko-api\system\Database\BaseConnection.php(421): CodeIgniter\Database\MySQLi\Connection->connect(false)
#2 C:\laragon\www\toko-api\system\Database\BaseConnection.php(620): CodeIgniter\Database\BaseConnection->initialize()
#3 C:\laragon\www\toko-api\system\Database\BaseBuilder.php(1649): CodeIgniter\Database\BaseConnection->query('SELECT *\nFROM `...', Array, false)
#4 C:\laragon\www\toko-api\system\Model.php(330): CodeIgniter\Database\BaseBuilder->get()
#5 C:\laragon\www\toko-api\system\BaseModel.php(713): CodeIgniter\Model->doFirst()
#6 C:\laragon\www\toko-api\app\Controllers\LoginController.php(16): CodeIgniter\BaseModel->first()
#7 C:\laragon\www\toko-api\system\CodeIgniter.php(933): App\Controllers\LoginController->login()
#8 C:\laragon\www\toko-api\system\CodeIgniter.php(507): CodeIgniter\CodeIgniter->runController(Object(App\Controllers\LoginController))
#9 C:\laragon\www\toko-api\system\CodeIgniter.php(354): CodeIgniter\CodeIgniter->handleRequest(NULL, Object(Config\Cache), false)
#10 C:\laragon\www\toko-api\system\Boot.php(334): CodeIgniter\CodeIgniter->run()
#11 C:\laragon\www\toko-api\system\Boot.php(67): CodeIgniter\Boot::runCodeIgniter(Object(CodeIgniter\CodeIgniter))
#12 C:\laragon\www\toko-api\public\index.php(56): CodeIgniter\Boot::bootWeb(Object(Config\Paths))
#13 {main}

Next CodeIgniter\Database\Exceptions\DatabaseException: Unknown database 'toko_api' in C:\laragon\www\toko-api\system\Database\MySQLi\Connection.php:246
Stack trace:
#0 C:\laragon\www\toko-api\system\Database\BaseConnection.php(421): CodeIgniter\Database\MySQLi\Connection->connect(false)
#1 C:\laragon\www\toko-api\system\Database\BaseConnection.php(620): CodeIgniter\Database\BaseConnection->initialize()
#2 C:\laragon\www\toko-api\system\Database\BaseBuilder.php(1649): CodeIgniter\Database\BaseConnection->query('SELECT *\nFROM `...', Array, false)
#3 C:\laragon\www\toko-api\system\Model.php(330): CodeIgniter\Database\BaseBuilder->get()
#4 C:\laragon\www\toko-api\system\BaseModel.php(713): CodeIgniter\Model->doFirst()
#5 C:\laragon\www\toko-api\app\Controllers\LoginController.php(16): CodeIgniter\BaseModel->first()
#6 C:\laragon\www\toko-api\system\CodeIgniter.php(933): App\Controllers\LoginController->login()
#7 C:\laragon\www\toko-api\system\CodeIgniter.php(507): CodeIgniter\CodeIgniter->runController(Object(App\Controllers\LoginController))
#8 C:\laragon\www\toko-api\system\CodeIgniter.php(354): CodeIgniter\CodeIgniter->handleRequest(NULL, Object(Config\Cache), false)
#9 C:\laragon\www\toko-api\system\Boot.php(334): CodeIgniter\CodeIgniter->run()
#10 C:\laragon\www\toko-api\system\Boot.php(67): CodeIgniter\Boot::runCodeIgniter(Object(CodeIgniter\CodeIgniter))
#11 C:\laragon\www\toko-api\public\index.php(56): CodeIgniter\Boot::bootWeb(Object(Config\Paths))
#12 {main}
CRITICAL - 2025-03-05 05:40:15 --> CodeIgniter\Database\Exceptions\DatabaseException: Unable to connect to the database.
Main connection [MySQLi]: Unknown database 'toko_api'
[Method: POST, Route: login]
in SYSTEMPATH\Database\BaseConnection.php on line 467.
 1 SYSTEMPATH\Database\BaseConnection.php(620): CodeIgniter\Database\BaseConnection->initialize()
 2 SYSTEMPATH\Database\BaseBuilder.php(1649): CodeIgniter\Database\BaseConnection->query('SELECT *
FROM `member`
WHERE `email` IS NULL
 LIMIT 1', [], false)
 3 SYSTEMPATH\Model.php(330): CodeIgniter\Database\BaseBuilder->get()
 4 SYSTEMPATH\BaseModel.php(713): CodeIgniter\Model->doFirst()
 5 APPPATH\Controllers\LoginController.php(16): CodeIgniter\BaseModel->first()
 6 SYSTEMPATH\CodeIgniter.php(933): App\Controllers\LoginController->login()
 7 SYSTEMPATH\CodeIgniter.php(507): CodeIgniter\CodeIgniter->runController(Object(App\Controllers\LoginController))
 8 SYSTEMPATH\CodeIgniter.php(354): CodeIgniter\CodeIgniter->handleRequest(null, Object(Config\Cache), false)
 9 SYSTEMPATH\Boot.php(334): CodeIgniter\CodeIgniter->run()
10 SYSTEMPATH\Boot.php(67): CodeIgniter\Boot::runCodeIgniter(Object(CodeIgniter\CodeIgniter))
11 FCPATH\index.php(56): CodeIgniter\Boot::bootWeb(Object(Config\Paths))
